<?xml version="1.0" encoding="UTF-8"?>
<testsuite xmlns:xsi="http://www.w3.org/2001/XMLSchema-instance" xsi:noNamespaceSchemaLocation="https://maven.apache.org/surefire/maven-surefire-plugin/xsd/surefire-test-report.xsd" name="Scenario: Journals From Single Material" time="807.64" tests="135" errors="0" skipped="0" failures="0">
  <properties>
    <property name="sun.desktop" value="windows"/>
    <property name="awt.toolkit" value="sun.awt.windows.WToolkit"/>
    <property name="file.encoding.pkg" value="sun.io"/>
    <property name="java.specification.version" value="1.8"/>
    <property name="sun.cpu.isalist" value="amd64"/>
    <property name="sun.jnu.encoding" value="Cp1252"/>
    <property name="java.class.path" value="E:\Workspace\SCM_Stright_Script\target\test-classes;E:\Workspace\SCM_Stright_Script\target\classes;C:\Users\99906188\.m2\repository\junit\junit\4.11\junit-4.11.jar;C:\Users\99906188\.m2\repository\org\hamcrest\hamcrest-core\1.3\hamcrest-core-1.3.jar;C:\Users\99906188\.m2\repository\org\seleniumhq\selenium\selenium-java\3.141.59\selenium-java-3.141.59.jar;C:\Users\99906188\.m2\repository\org\seleniumhq\selenium\selenium-api\3.141.59\selenium-api-3.141.59.jar;C:\Users\99906188\.m2\repository\org\seleniumhq\selenium\selenium-chrome-driver\3.141.59\selenium-chrome-driver-3.141.59.jar;C:\Users\99906188\.m2\repository\org\seleniumhq\selenium\selenium-edge-driver\3.141.59\selenium-edge-driver-3.141.59.jar;C:\Users\99906188\.m2\repository\org\seleniumhq\selenium\selenium-firefox-driver\3.141.59\selenium-firefox-driver-3.141.59.jar;C:\Users\99906188\.m2\repository\org\seleniumhq\selenium\selenium-ie-driver\3.141.59\selenium-ie-driver-3.141.59.jar;C:\Users\99906188\.m2\repository\org\seleniumhq\selenium\selenium-opera-driver\3.141.59\selenium-opera-driver-3.141.59.jar;C:\Users\99906188\.m2\repository\org\seleniumhq\selenium\selenium-remote-driver\3.141.59\selenium-remote-driver-3.141.59.jar;C:\Users\99906188\.m2\repository\org\seleniumhq\selenium\selenium-safari-driver\3.141.59\selenium-safari-driver-3.141.59.jar;C:\Users\99906188\.m2\repository\org\seleniumhq\selenium\selenium-support\3.141.59\selenium-support-3.141.59.jar;C:\Users\99906188\.m2\repository\net\bytebuddy\byte-buddy\1.8.15\byte-buddy-1.8.15.jar;C:\Users\99906188\.m2\repository\org\apache\commons\commons-exec\1.3\commons-exec-1.3.jar;C:\Users\99906188\.m2\repository\com\google\guava\guava\25.0-jre\guava-25.0-jre.jar;C:\Users\99906188\.m2\repository\com\google\code\findbugs\jsr305\1.3.9\jsr305-1.3.9.jar;C:\Users\99906188\.m2\repository\org\checkerframework\checker-compat-qual\2.0.0\checker-compat-qual-2.0.0.jar;C:\Users\99906188\.m2\repository\com\google\errorprone\error_prone_annotations\2.1.3\error_prone_annotations-2.1.3.jar;C:\Users\99906188\.m2\repository\com\google\j2objc\j2objc-annotations\1.1\j2objc-annotations-1.1.jar;C:\Users\99906188\.m2\repository\org\codehaus\mojo\animal-sniffer-annotations\1.14\animal-sniffer-annotations-1.14.jar;C:\Users\99906188\.m2\repository\com\squareup\okhttp3\okhttp\3.11.0\okhttp-3.11.0.jar;C:\Users\99906188\.m2\repository\com\squareup\okio\okio\1.14.0\okio-1.14.0.jar;C:\Users\99906188\.m2\repository\info\cukes\cucumber-java\1.2.2\cucumber-java-1.2.2.jar;C:\Users\99906188\.m2\repository\info\cukes\cucumber-core\1.2.2\cucumber-core-1.2.2.jar;C:\Users\99906188\.m2\repository\info\cukes\cucumber-html\0.2.3\cucumber-html-0.2.3.jar;C:\Users\99906188\.m2\repository\info\cukes\cucumber-junit\1.2.2\cucumber-junit-1.2.2.jar;C:\Users\99906188\.m2\repository\org\apache\logging\log4j\log4j-core\2.13.3\log4j-core-2.13.3.jar;C:\Users\99906188\.m2\repository\org\apache\logging\log4j\log4j-api\2.13.3\log4j-api-2.13.3.jar;C:\Users\99906188\.m2\repository\com\aventstack\extentreports\3.0.7\extentreports-3.0.7.jar;C:\Users\99906188\.m2\repository\org\freemarker\freemarker\2.3.23\freemarker-2.3.23.jar;C:\Users\99906188\.m2\repository\org\mongodb\mongodb-driver\3.3.0\mongodb-driver-3.3.0.jar;C:\Users\99906188\.m2\repository\org\mongodb\bson\3.3.0\bson-3.3.0.jar;C:\Users\99906188\.m2\repository\org\mongodb\mongodb-driver-core\3.3.0\mongodb-driver-core-3.3.0.jar;C:\Users\99906188\.m2\repository\org\apache\httpcomponents\httpclient\4.5.2\httpclient-4.5.2.jar;C:\Users\99906188\.m2\repository\org\apache\httpcomponents\httpcore\4.4.4\httpcore-4.4.4.jar;C:\Users\99906188\.m2\repository\commons-logging\commons-logging\1.2\commons-logging-1.2.jar;C:\Users\99906188\.m2\repository\commons-codec\commons-codec\1.9\commons-codec-1.9.jar;C:\Users\99906188\.m2\repository\org\apache\httpcomponents\httpmime\4.5.2\httpmime-4.5.2.jar;C:\Users\99906188\.m2\repository\org\jsoup\jsoup\1.9.2\jsoup-1.9.2.jar;C:\Users\99906188\.m2\repository\com\google\code\gson\gson\2.8.0\gson-2.8.0.jar;C:\Users\99906188\.m2\repository\com\vimalselvam\cucumber-extentsreport\3.1.1\cucumber-extentsreport-3.1.1.jar;C:\Users\99906188\.m2\repository\com\aventstack\extentreports-cucumber4-adapter\1.0.7\extentreports-cucumber4-adapter-1.0.7.jar;C:\Users\99906188\.m2\repository\io\cucumber\cucumber-core\4.0.1\cucumber-core-4.0.1.jar;C:\Users\99906188\.m2\repository\io\cucumber\cucumber-html\0.2.7\cucumber-html-0.2.7.jar;C:\Users\99906188\.m2\repository\io\cucumber\gherkin\5.1.0\gherkin-5.1.0.jar;C:\Users\99906188\.m2\repository\io\cucumber\tag-expressions\1.1.1\tag-expressions-1.1.1.jar;C:\Users\99906188\.m2\repository\io\cucumber\cucumber-expressions\6.1.0\cucumber-expressions-6.1.0.jar;C:\Users\99906188\.m2\repository\io\cucumber\datatable\1.1.3\datatable-1.1.3.jar;C:\Users\99906188\.m2\repository\io\cucumber\datatable-dependencies\1.1.3\datatable-dependencies-1.1.3.jar;C:\Users\99906188\.m2\repository\io\cucumber\cucumber-java\4.0.1\cucumber-java-4.0.1.jar;C:\Users\99906188\.m2\repository\info\cukes\cucumber-picocontainer\1.2.5\cucumber-picocontainer-1.2.5.jar;C:\Users\99906188\.m2\repository\info\cukes\cucumber-jvm-deps\1.0.5\cucumber-jvm-deps-1.0.5.jar;C:\Users\99906188\.m2\repository\info\cukes\gherkin\2.12.2\gherkin-2.12.2.jar;C:\Users\99906188\.m2\repository\org\picocontainer\picocontainer\2.15\picocontainer-2.15.jar;C:\Users\99906188\.m2\repository\io\github\bonigarcia\webdrivermanager\5.0.3\webdrivermanager-5.0.3.jar;C:\Users\99906188\.m2\repository\org\slf4j\slf4j-api\1.7.32\slf4j-api-1.7.32.jar;C:\Users\99906188\.m2\repository\com\github\docker-java\docker-java\3.2.12\docker-java-3.2.12.jar;C:\Users\99906188\.m2\repository\com\github\docker-java\docker-java-core\3.2.12\docker-java-core-3.2.12.jar;C:\Users\99906188\.m2\repository\com\github\docker-java\docker-java-api\3.2.12\docker-java-api-3.2.12.jar;C:\Users\99906188\.m2\repository\com\fasterxml\jackson\core\jackson-annotations\2.10.3\jackson-annotations-2.10.3.jar;C:\Users\99906188\.m2\repository\commons-io\commons-io\2.6\commons-io-2.6.jar;C:\Users\99906188\.m2\repository\org\apache\commons\commons-compress\1.21\commons-compress-1.21.jar;C:\Users\99906188\.m2\repository\commons-lang\commons-lang\2.6\commons-lang-2.6.jar;C:\Users\99906188\.m2\repository\com\fasterxml\jackson\core\jackson-databind\2.10.3\jackson-databind-2.10.3.jar;C:\Users\99906188\.m2\repository\com\fasterxml\jackson\core\jackson-core\2.10.3\jackson-core-2.10.3.jar;C:\Users\99906188\.m2\repository\org\bouncycastle\bcpkix-jdk15on\1.64\bcpkix-jdk15on-1.64.jar;C:\Users\99906188\.m2\repository\org\bouncycastle\bcprov-jdk15on\1.64\bcprov-jdk15on-1.64.jar;C:\Users\99906188\.m2\repository\org\slf4j\jcl-over-slf4j\1.7.30\jcl-over-slf4j-1.7.30.jar;C:\Users\99906188\.m2\repository\com\github\docker-java\docker-java-transport-httpclient5\3.2.12\docker-java-transport-httpclient5-3.2.12.jar;C:\Users\99906188\.m2\repository\com\github\docker-java\docker-java-transport\3.2.12\docker-java-transport-3.2.12.jar;C:\Users\99906188\.m2\repository\org\apache\httpcomponents\client5\httpclient5\5.0.3\httpclient5-5.0.3.jar;C:\Users\99906188\.m2\repository\org\apache\httpcomponents\core5\httpcore5\5.0.2\httpcore5-5.0.2.jar;C:\Users\99906188\.m2\repository\net\java\dev\jna\jna\5.8.0\jna-5.8.0.jar;C:\Users\99906188\.m2\repository\org\brotli\dec\0.1.2\dec-0.1.2.jar;C:\Users\99906188\.m2\repository\io\cucumber\cucumber-junit\4.3.0\cucumber-junit-4.3.0.jar;C:\Users\99906188\.m2\repository\io\cucumber\cucumber-picocontainer\4.3.0\cucumber-picocontainer-4.3.0.jar;C:\Users\99906188\.m2\repository\com\apple\AppleJavaExtensions\1.4\AppleJavaExtensions-1.4.jar;C:\Users\99906188\.m2\repository\javax\annotation\javax.annotation-api\1.2\javax.annotation-api-1.2.jar;C:\Users\99906188\.m2\repository\com\microsoft\sqlserver\mssql-jdbc\9.2.1.jre8\mssql-jdbc-9.2.1.jre8.jar;C:\Users\99906188\.m2\repository\mysql\mysql-connector-java\8.0.26\mysql-connector-java-8.0.26.jar;C:\Users\99906188\.m2\repository\com\google\protobuf\protobuf-java\3.11.4\protobuf-java-3.11.4.jar;"/>
    <property name="java.vm.vendor" value="Oracle Corporation"/>
    <property name="sun.arch.data.model" value="64"/>
    <property name="user.variant" value=""/>
    <property name="java.vendor.url" value="http://java.oracle.com/"/>
    <property name="user.timezone" value="Asia/Calcutta"/>
    <property name="java.vm.specification.version" value="1.8"/>
    <property name="os.name" value="Windows 10"/>
    <property name="user.country" value="US"/>
    <property name="sun.java.launcher" value="SUN_STANDARD"/>
    <property name="sun.boot.library.path" value="C:\Program Files\Java\jdk1.8.0_201\jre\bin"/>
    <property name="sun.java.command" value="C:\Users\99906188\AppData\Local\Temp\surefire9078751532377908738\surefirebooter4273379386970954635.jar C:\Users\99906188\AppData\Local\Temp\surefire9078751532377908738 2022-11-22T11-39-48_358-jvmRun1 surefire3122616589160527014tmp surefire_06922637740624394260tmp"/>
    <property name="surefire.test.class.path" value="E:\Workspace\SCM_Stright_Script\target\test-classes;E:\Workspace\SCM_Stright_Script\target\classes;C:\Users\99906188\.m2\repository\junit\junit\4.11\junit-4.11.jar;C:\Users\99906188\.m2\repository\org\hamcrest\hamcrest-core\1.3\hamcrest-core-1.3.jar;C:\Users\99906188\.m2\repository\org\seleniumhq\selenium\selenium-java\3.141.59\selenium-java-3.141.59.jar;C:\Users\99906188\.m2\repository\org\seleniumhq\selenium\selenium-api\3.141.59\selenium-api-3.141.59.jar;C:\Users\99906188\.m2\repository\org\seleniumhq\selenium\selenium-chrome-driver\3.141.59\selenium-chrome-driver-3.141.59.jar;C:\Users\99906188\.m2\repository\org\seleniumhq\selenium\selenium-edge-driver\3.141.59\selenium-edge-driver-3.141.59.jar;C:\Users\99906188\.m2\repository\org\seleniumhq\selenium\selenium-firefox-driver\3.141.59\selenium-firefox-driver-3.141.59.jar;C:\Users\99906188\.m2\repository\org\seleniumhq\selenium\selenium-ie-driver\3.141.59\selenium-ie-driver-3.141.59.jar;C:\Users\99906188\.m2\repository\org\seleniumhq\selenium\selenium-opera-driver\3.141.59\selenium-opera-driver-3.141.59.jar;C:\Users\99906188\.m2\repository\org\seleniumhq\selenium\selenium-remote-driver\3.141.59\selenium-remote-driver-3.141.59.jar;C:\Users\99906188\.m2\repository\org\seleniumhq\selenium\selenium-safari-driver\3.141.59\selenium-safari-driver-3.141.59.jar;C:\Users\99906188\.m2\repository\org\seleniumhq\selenium\selenium-support\3.141.59\selenium-support-3.141.59.jar;C:\Users\99906188\.m2\repository\net\bytebuddy\byte-buddy\1.8.15\byte-buddy-1.8.15.jar;C:\Users\99906188\.m2\repository\org\apache\commons\commons-exec\1.3\commons-exec-1.3.jar;C:\Users\99906188\.m2\repository\com\google\guava\guava\25.0-jre\guava-25.0-jre.jar;C:\Users\99906188\.m2\repository\com\google\code\findbugs\jsr305\1.3.9\jsr305-1.3.9.jar;C:\Users\99906188\.m2\repository\org\checkerframework\checker-compat-qual\2.0.0\checker-compat-qual-2.0.0.jar;C:\Users\99906188\.m2\repository\com\google\errorprone\error_prone_annotations\2.1.3\error_prone_annotations-2.1.3.jar;C:\Users\99906188\.m2\repository\com\google\j2objc\j2objc-annotations\1.1\j2objc-annotations-1.1.jar;C:\Users\99906188\.m2\repository\org\codehaus\mojo\animal-sniffer-annotations\1.14\animal-sniffer-annotations-1.14.jar;C:\Users\99906188\.m2\repository\com\squareup\okhttp3\okhttp\3.11.0\okhttp-3.11.0.jar;C:\Users\99906188\.m2\repository\com\squareup\okio\okio\1.14.0\okio-1.14.0.jar;C:\Users\99906188\.m2\repository\info\cukes\cucumber-java\1.2.2\cucumber-java-1.2.2.jar;C:\Users\99906188\.m2\repository\info\cukes\cucumber-core\1.2.2\cucumber-core-1.2.2.jar;C:\Users\99906188\.m2\repository\info\cukes\cucumber-html\0.2.3\cucumber-html-0.2.3.jar;C:\Users\99906188\.m2\repository\info\cukes\cucumber-junit\1.2.2\cucumber-junit-1.2.2.jar;C:\Users\99906188\.m2\repository\org\apache\logging\log4j\log4j-core\2.13.3\log4j-core-2.13.3.jar;C:\Users\99906188\.m2\repository\org\apache\logging\log4j\log4j-api\2.13.3\log4j-api-2.13.3.jar;C:\Users\99906188\.m2\repository\com\aventstack\extentreports\3.0.7\extentreports-3.0.7.jar;C:\Users\99906188\.m2\repository\org\freemarker\freemarker\2.3.23\freemarker-2.3.23.jar;C:\Users\99906188\.m2\repository\org\mongodb\mongodb-driver\3.3.0\mongodb-driver-3.3.0.jar;C:\Users\99906188\.m2\repository\org\mongodb\bson\3.3.0\bson-3.3.0.jar;C:\Users\99906188\.m2\repository\org\mongodb\mongodb-driver-core\3.3.0\mongodb-driver-core-3.3.0.jar;C:\Users\99906188\.m2\repository\org\apache\httpcomponents\httpclient\4.5.2\httpclient-4.5.2.jar;C:\Users\99906188\.m2\repository\org\apache\httpcomponents\httpcore\4.4.4\httpcore-4.4.4.jar;C:\Users\99906188\.m2\repository\commons-logging\commons-logging\1.2\commons-logging-1.2.jar;C:\Users\99906188\.m2\repository\commons-codec\commons-codec\1.9\commons-codec-1.9.jar;C:\Users\99906188\.m2\repository\org\apache\httpcomponents\httpmime\4.5.2\httpmime-4.5.2.jar;C:\Users\99906188\.m2\repository\org\jsoup\jsoup\1.9.2\jsoup-1.9.2.jar;C:\Users\99906188\.m2\repository\com\google\code\gson\gson\2.8.0\gson-2.8.0.jar;C:\Users\99906188\.m2\repository\com\vimalselvam\cucumber-extentsreport\3.1.1\cucumber-extentsreport-3.1.1.jar;C:\Users\99906188\.m2\repository\com\aventstack\extentreports-cucumber4-adapter\1.0.7\extentreports-cucumber4-adapter-1.0.7.jar;C:\Users\99906188\.m2\repository\io\cucumber\cucumber-core\4.0.1\cucumber-core-4.0.1.jar;C:\Users\99906188\.m2\repository\io\cucumber\cucumber-html\0.2.7\cucumber-html-0.2.7.jar;C:\Users\99906188\.m2\repository\io\cucumber\gherkin\5.1.0\gherkin-5.1.0.jar;C:\Users\99906188\.m2\repository\io\cucumber\tag-expressions\1.1.1\tag-expressions-1.1.1.jar;C:\Users\99906188\.m2\repository\io\cucumber\cucumber-expressions\6.1.0\cucumber-expressions-6.1.0.jar;C:\Users\99906188\.m2\repository\io\cucumber\datatable\1.1.3\datatable-1.1.3.jar;C:\Users\99906188\.m2\repository\io\cucumber\datatable-dependencies\1.1.3\datatable-dependencies-1.1.3.jar;C:\Users\99906188\.m2\repository\io\cucumber\cucumber-java\4.0.1\cucumber-java-4.0.1.jar;C:\Users\99906188\.m2\repository\info\cukes\cucumber-picocontainer\1.2.5\cucumber-picocontainer-1.2.5.jar;C:\Users\99906188\.m2\repository\info\cukes\cucumber-jvm-deps\1.0.5\cucumber-jvm-deps-1.0.5.jar;C:\Users\99906188\.m2\repository\info\cukes\gherkin\2.12.2\gherkin-2.12.2.jar;C:\Users\99906188\.m2\repository\org\picocontainer\picocontainer\2.15\picocontainer-2.15.jar;C:\Users\99906188\.m2\repository\io\github\bonigarcia\webdrivermanager\5.0.3\webdrivermanager-5.0.3.jar;C:\Users\99906188\.m2\repository\org\slf4j\slf4j-api\1.7.32\slf4j-api-1.7.32.jar;C:\Users\99906188\.m2\repository\com\github\docker-java\docker-java\3.2.12\docker-java-3.2.12.jar;C:\Users\99906188\.m2\repository\com\github\docker-java\docker-java-core\3.2.12\docker-java-core-3.2.12.jar;C:\Users\99906188\.m2\repository\com\github\docker-java\docker-java-api\3.2.12\docker-java-api-3.2.12.jar;C:\Users\99906188\.m2\repository\com\fasterxml\jackson\core\jackson-annotations\2.10.3\jackson-annotations-2.10.3.jar;C:\Users\99906188\.m2\repository\commons-io\commons-io\2.6\commons-io-2.6.jar;C:\Users\99906188\.m2\repository\org\apache\commons\commons-compress\1.21\commons-compress-1.21.jar;C:\Users\99906188\.m2\repository\commons-lang\commons-lang\2.6\commons-lang-2.6.jar;C:\Users\99906188\.m2\repository\com\fasterxml\jackson\core\jackson-databind\2.10.3\jackson-databind-2.10.3.jar;C:\Users\99906188\.m2\repository\com\fasterxml\jackson\core\jackson-core\2.10.3\jackson-core-2.10.3.jar;C:\Users\99906188\.m2\repository\org\bouncycastle\bcpkix-jdk15on\1.64\bcpkix-jdk15on-1.64.jar;C:\Users\99906188\.m2\repository\org\bouncycastle\bcprov-jdk15on\1.64\bcprov-jdk15on-1.64.jar;C:\Users\99906188\.m2\repository\org\slf4j\jcl-over-slf4j\1.7.30\jcl-over-slf4j-1.7.30.jar;C:\Users\99906188\.m2\repository\com\github\docker-java\docker-java-transport-httpclient5\3.2.12\docker-java-transport-httpclient5-3.2.12.jar;C:\Users\99906188\.m2\repository\com\github\docker-java\docker-java-transport\3.2.12\docker-java-transport-3.2.12.jar;C:\Users\99906188\.m2\repository\org\apache\httpcomponents\client5\httpclient5\5.0.3\httpclient5-5.0.3.jar;C:\Users\99906188\.m2\repository\org\apache\httpcomponents\core5\httpcore5\5.0.2\httpcore5-5.0.2.jar;C:\Users\99906188\.m2\repository\net\java\dev\jna\jna\5.8.0\jna-5.8.0.jar;C:\Users\99906188\.m2\repository\org\brotli\dec\0.1.2\dec-0.1.2.jar;C:\Users\99906188\.m2\repository\io\cucumber\cucumber-junit\4.3.0\cucumber-junit-4.3.0.jar;C:\Users\99906188\.m2\repository\io\cucumber\cucumber-picocontainer\4.3.0\cucumber-picocontainer-4.3.0.jar;C:\Users\99906188\.m2\repository\com\apple\AppleJavaExtensions\1.4\AppleJavaExtensions-1.4.jar;C:\Users\99906188\.m2\repository\javax\annotation\javax.annotation-api\1.2\javax.annotation-api-1.2.jar;C:\Users\99906188\.m2\repository\com\microsoft\sqlserver\mssql-jdbc\9.2.1.jre8\mssql-jdbc-9.2.1.jre8.jar;C:\Users\99906188\.m2\repository\mysql\mysql-connector-java\8.0.26\mysql-connector-java-8.0.26.jar;C:\Users\99906188\.m2\repository\com\google\protobuf\protobuf-java\3.11.4\protobuf-java-3.11.4.jar;"/>
    <property name="sun.cpu.endian" value="little"/>
    <property name="user.home" value="C:\Users\99906188"/>
    <property name="user.language" value="en"/>
    <property name="java.specification.vendor" value="Oracle Corporation"/>
    <property name="java.home" value="C:\Program Files\Java\jdk1.8.0_201\jre"/>
    <property name="basedir" value="E:\Workspace\SCM_Stright_Script"/>
    <property name="file.separator" value="\"/>
    <property name="line.separator" value="&#10;"/>
    <property name="java.vm.specification.vendor" value="Oracle Corporation"/>
    <property name="java.specification.name" value="Java Platform API Specification"/>
    <property name="java.awt.graphicsenv" value="sun.awt.Win32GraphicsEnvironment"/>
    <property name="surefire.real.class.path" value="C:\Users\99906188\AppData\Local\Temp\surefire9078751532377908738\surefirebooter4273379386970954635.jar"/>
    <property name="sun.boot.class.path" value="C:\Program Files\Java\jdk1.8.0_201\jre\lib\resources.jar;C:\Program Files\Java\jdk1.8.0_201\jre\lib\rt.jar;C:\Program Files\Java\jdk1.8.0_201\jre\lib\sunrsasign.jar;C:\Program Files\Java\jdk1.8.0_201\jre\lib\jsse.jar;C:\Program Files\Java\jdk1.8.0_201\jre\lib\jce.jar;C:\Program Files\Java\jdk1.8.0_201\jre\lib\charsets.jar;C:\Program Files\Java\jdk1.8.0_201\jre\lib\jfr.jar;C:\Program Files\Java\jdk1.8.0_201\jre\classes"/>
    <property name="user.script" value=""/>
    <property name="sun.management.compiler" value="HotSpot 64-Bit Tiered Compilers"/>
    <property name="java.runtime.version" value="1.8.0_201-b09"/>
    <property name="user.name" value="99906188"/>
    <property name="path.separator" value=";"/>
    <property name="os.version" value="10.0"/>
    <property name="java.endorsed.dirs" value="C:\Program Files\Java\jdk1.8.0_201\jre\lib\endorsed"/>
    <property name="java.runtime.name" value="Java(TM) SE Runtime Environment"/>
    <property name="file.encoding" value="Cp1252"/>
    <property name="java.vm.name" value="Java HotSpot(TM) 64-Bit Server VM"/>
    <property name="localRepository" value="C:\Users\99906188\.m2\repository"/>
    <property name="java.vendor.url.bug" value="http://bugreport.sun.com/bugreport/"/>
    <property name="java.io.tmpdir" value="C:\Users\99906188\AppData\Local\Temp\"/>
    <property name="java.version" value="1.8.0_201"/>
    <property name="user.dir" value="E:\Workspace\SCM_Stright_Script"/>
    <property name="os.arch" value="amd64"/>
    <property name="java.vm.specification.name" value="Java Virtual Machine Specification"/>
    <property name="java.awt.printerjob" value="sun.awt.windows.WPrinterJob"/>
    <property name="sun.os.patch.level" value=""/>
    <property name="java.library.path" value="C:\Program Files\Java\jdk1.8.0_201\jre\bin;C:\Windows\Sun\Java\bin;C:\Windows\system32;C:\Windows;C:/Program Files/Java/jre1.8.0_201/bin/server;C:/Program Files/Java/jre1.8.0_201/bin;C:/Program Files/Java/jre1.8.0_201/lib/amd64;C:\Program Files (x86)\Common Files\Oracle\Java\javapath;C:\Windows\system32;C:\Windows;C:\Windows\System32\Wbem;C:\Windows\System32\WindowsPowerShell\v1.0\;C:\Windows\System32\OpenSSH\;C:\Program Files\ServiceNow\agent-client-collector\bin;C:\Program Files\ServiceNow\agent-client-collector\embedded\bin;C:\Program Files\Java\jdk1.8.0_201\bin;C:\Program Files (x86)\Microsoft SQL Server\150\DTS\Binn\;C:\Program Files\Azure Data Studio\bin;C:\maven\\bin;;C:\Program Files\Microsoft VS Code\bin;C:\Users\99906188\AppData\Local\Microsoft\WindowsApps;C:\Users\99906188\AppData\Local\Programs\Git\cmd;C:\maven\bin\;C:\Users\99906188\AppData\Local\GitHubDesktop\bin;E:\eclipse\eclipse;;."/>
    <property name="java.vm.info" value="mixed mode"/>
    <property name="java.vendor" value="Oracle Corporation"/>
    <property name="java.vm.version" value="25.201-b09"/>
    <property name="java.ext.dirs" value="C:\Program Files\Java\jdk1.8.0_201\jre\lib\ext;C:\Windows\Sun\Java\lib\ext"/>
    <property name="sun.io.unicode.encoding" value="UnicodeLittle"/>
    <property name="java.class.version" value="52.0"/>
  </properties>
  <testcase name="Given Login Stright Flow username and Pasword" classname="Scenario: Stright Flow Creation Functions" time="0"/>
  <testcase name="And Navigate From Menu to SR In Stright Flow" classname="Scenario: Stright Flow Creation Functions" time="0"/>
  <testcase name="And Creation from SR Stright Flow" classname="Scenario: Stright Flow Creation Functions" time="0"/>
  <testcase name="And Stright Material Card" classname="Scenario: Stright Flow Creation Functions" time="0"/>
  <testcase name="And Stright WBS and Cost Package" classname="Scenario: Stright Flow Creation Functions" time="0"/>
  <testcase name="And Stright Quantiy and Rate" classname="Scenario: Stright Flow Creation Functions" time="0"/>
  <testcase name="And Submit Card material in Stright" classname="Scenario: Stright Flow Creation Functions" time="0"/>
  <testcase name="And Signout in Stright" classname="Scenario: Stright Flow Creation Functions" time="0"/>
  <testcase name="Scenario: Stright Flow Creation Functions" classname="Scenario: Stright Flow Creation Functions" time="1.138"/>
  <testcase name="When Login Stright Flow Approver Username nd Password" classname="Scenario: Stright Flow Approver Functions" time="0"/>
  <testcase name="And Approver Stright Flow Navigate From Menu to SR" classname="Scenario: Stright Flow Approver Functions" time="0"/>
  <testcase name="And Checking ForAction Function Full Flow Stright Case" classname="Scenario: Stright Flow Approver Functions" time="0"/>
  <testcase name="And Checking All Function in Approver Fro Stright Flow" classname="Scenario: Stright Flow Approver Functions" time="0"/>
  <testcase name="And Sign out Approver Stright Flow" classname="Scenario: Stright Flow Approver Functions" time="0"/>
  <testcase name="Scenario: Stright Flow Approver Functions" classname="Scenario: Stright Flow Approver Functions" time="1.775"/>
  <testcase name="Then Login Document View and Process Username nd Password" classname="Scenario: Checking Process and Document View Function" time="0"/>
  <testcase name="And Navigate From Menu to SR Document View and Process" classname="Scenario: Checking Process and Document View Function" time="0"/>
  <testcase name="And Process Flow Details" classname="Scenario: Checking Process and Document View Function" time="0"/>
  <testcase name="And Sign Out For Flow Details" classname="Scenario: Checking Process and Document View Function" time="0"/>
  <testcase name="Scenario: Checking Process and Document View Function" classname="Scenario: Checking Process and Document View Function" time="0.837"/>
  <testcase name="Given Go to Test Environment" classname="Scenario: Domestic Job Service Attachment RFQ Material Verification" time="0"/>
  <testcase name="Then Request For Quote Login and Select RFQ Create Service" classname="Scenario: Domestic Job Service Attachment RFQ Material Verification" time="0"/>
  <testcase name="Then After Login Service Request For Quote Add Service page" classname="Scenario: Domestic Job Service Attachment RFQ Material Verification" time="0"/>
  <testcase name="Then Add RFQ Values from SR Request For Quote Create Page" classname="Scenario: Domestic Job Service Attachment RFQ Material Verification" time="0.003"/>
  <testcase name="And Service Request For Quote Choose Vendors Page Verification" classname="Scenario: Domestic Job Service Attachment RFQ Material Verification" time="0.001"/>
  <testcase name="And Verify to Enter Vendor Service RFQ Create page and Add the Auto BQ Vendor Type then Move to Payment Terms" classname="Scenario: Domestic Job Service Attachment RFQ Material Verification" time="0"/>
  <testcase name="And Enter Service Payment Terms RFQ Create page" classname="Scenario: Domestic Job Service Attachment RFQ Material Verification" time="0"/>
  <testcase name="And Enter Other Terms Page on SR RFQ Create" classname="Scenario: Domestic Job Service Attachment RFQ Material Verification" time="0"/>
  <testcase name="Then Verify and Select Attachment in Other Terms Page on RFQ Create" classname="Scenario: Domestic Job Service Attachment RFQ Material Verification" time="0"/>
  <testcase name="Scenario: Domestic Job Service Attachment RFQ Material Verification" classname="Scenario: Domestic Job Service Attachment RFQ Material Verification" time="1.011"/>
  <testcase name="Given Go to Test Environment" classname="Scenario: Verify to TCD" time="0"/>
  <testcase name="Then Click on Other User" classname="Scenario: Verify to TCD" time="0"/>
  <testcase name="Then Enter EIP QA Username" classname="Scenario: Verify to TCD" time="0"/>
  <testcase name="Then Enter the Password" classname="Scenario: Verify to TCD" time="0"/>
  <testcase name="Then Click on Login" classname="Scenario: Verify to TCD" time="0"/>
  <testcase name="Then Navigate From Menu to TCD" classname="Scenario: Verify to TCD" time="0"/>
  <testcase name="Then Click on Service" classname="Scenario: Verify to TCD" time="0"/>
  <testcase name="Then Click on Filter" classname="Scenario: Verify to TCD" time="0"/>
  <testcase name="Then Pass to RFQ Number from DB" classname="Scenario: Verify to TCD" time="0"/>
  <testcase name="And MouseOver to Click on Create Icon" classname="Scenario: Verify to TCD" time="0"/>
  <testcase name="And Select Job and Vendor" classname="Scenario: Verify to TCD" time="0"/>
  <testcase name="And Pass to Alloc QTY" classname="Scenario: Verify to TCD" time="0"/>
  <testcase name="And Full in TDS Details" classname="Scenario: Verify to TCD" time="0"/>
  <testcase name="And Submit on Mateial" classname="Scenario: Verify to TCD" time="0"/>
  <testcase name="And Post On Material" classname="Scenario: Verify to TCD" time="0"/>
  <testcase name="And SignOut" classname="Scenario: Verify to TCD" time="0"/>
  <testcase name="Scenario: Verify to TCD" classname="Scenario: Verify to TCD" time="0.884"/>
  <testcase name="Given Go to Test Environment" classname="Scenario: Level1 Approve" time="0"/>
  <testcase name="Then Click On Other user1" classname="Scenario: Level1 Approve" time="0"/>
  <testcase name="Then Enter Vailed Username1" classname="Scenario: Level1 Approve" time="0"/>
  <testcase name="And Enter Vailed password1" classname="Scenario: Level1 Approve" time="0"/>
  <testcase name="And Click On Login1" classname="Scenario: Level1 Approve" time="0"/>
  <testcase name="And Click Filter Icon1" classname="Scenario: Level1 Approve" time="0"/>
  <testcase name="And Enter DB From Recent TCD Document No1" classname="Scenario: Level1 Approve" time="0"/>
  <testcase name="And Mouse Over to Approve1" classname="Scenario: Level1 Approve" time="0"/>
  <testcase name="And Sign out1" classname="Scenario: Level1 Approve" time="0"/>
  <testcase name="Scenario: Level1 Approve" classname="Scenario: Level1 Approve" time="0.981"/>
  <testcase name="Given Go to Test Environment" classname="Scenario: Level2 Approve" time="0"/>
  <testcase name="When Click On Other User" classname="Scenario: Level2 Approve" time="0"/>
  <testcase name="And Enter Vailed Username" classname="Scenario: Level2 Approve" time="0"/>
  <testcase name="And Enter Vailed password" classname="Scenario: Level2 Approve" time="0"/>
  <testcase name="And Click On Login" classname="Scenario: Level2 Approve" time="0"/>
  <testcase name="And Click Filter Icon" classname="Scenario: Level2 Approve" time="0.001"/>
  <testcase name="And Enter DB From Recent TCD Document No" classname="Scenario: Level2 Approve" time="0"/>
  <testcase name="And Mouse Over to Approve" classname="Scenario: Level2 Approve" time="0"/>
  <testcase name="And Sign out" classname="Scenario: Level2 Approve" time="0"/>
  <testcase name="Scenario: Level2 Approve" classname="Scenario: Level2 Approve" time="1.132"/>
  <testcase name="Given Login Function Measurement" classname="Scenario: Measurement" time="0"/>
  <testcase name="And Navigate From Menu to Mesurement" classname="Scenario: Measurement" time="0"/>
  <testcase name="And Click on creation Icon" classname="Scenario: Measurement" time="0"/>
  <testcase name="And Work Order Details From Job" classname="Scenario: Measurement" time="0"/>
  <testcase name="And Work Order Details From Group" classname="Scenario: Measurement" time="0"/>
  <testcase name="And Work Order Details From Vendor" classname="Scenario: Measurement" time="0"/>
  <testcase name="And Work Order Details Search" classname="Scenario: Measurement" time="0"/>
  <testcase name="And Select Material" classname="Scenario: Measurement" time="0"/>
  <testcase name="And Measurement From Date Select" classname="Scenario: Measurement" time="0"/>
  <testcase name="And Measurement From Cost Package" classname="Scenario: Measurement" time="0"/>
  <testcase name="And Measurement From WBS" classname="Scenario: Measurement" time="0"/>
  <testcase name="And Measurement From Shape" classname="Scenario: Measurement" time="0"/>
  <testcase name="And Measurement From Save" classname="Scenario: Measurement" time="0"/>
  <testcase name="And Measurement Submit" classname="Scenario: Measurement" time="0"/>
  <testcase name="And Click to Home Page" classname="Scenario: Measurement" time="0"/>
  <testcase name="And Sign Out Function" classname="Scenario: Measurement" time="0"/>
  <testcase name="Scenario: Measurement" classname="Scenario: Measurement" time="1.151"/>
  <testcase name="Given Login UserName and Password For Bill Creation" classname="Scenario: Bill Create Single Material" time="0"/>
  <testcase name="And Navigate From Menu to Bill Create" classname="Scenario: Bill Create Single Material" time="0"/>
  <testcase name="And Click on Filter Icon To Pass value" classname="Scenario: Bill Create Single Material" time="0"/>
  <testcase name="And Create to Bill Create" classname="Scenario: Bill Create Single Material" time="0"/>
  <testcase name="And Click On Measurment Details" classname="Scenario: Bill Create Single Material" time="0"/>
  <testcase name="And Select Material in Radio Box" classname="Scenario: Bill Create Single Material" time="0"/>
  <testcase name="And Approve Qty" classname="Scenario: Bill Create Single Material" time="0"/>
  <testcase name="And Select On Measurment Material" classname="Scenario: Bill Create Single Material" time="0"/>
  <testcase name="And This Qty Change" classname="Scenario: Bill Create Single Material" time="0"/>
  <testcase name="And Save Measurement Approve Qty" classname="Scenario: Bill Create Single Material" time="0"/>
  <testcase name="And Close to Page Measurment in This Qty" classname="Scenario: Bill Create Single Material" time="0"/>
  <testcase name="And Submit Measurment and Pop Handle" classname="Scenario: Bill Create Single Material" time="0"/>
  <testcase name="And Sign Out" classname="Scenario: Bill Create Single Material" time="0"/>
  <testcase name="Scenario: Bill Create Single Material" classname="Scenario: Bill Create Single Material" time="0.849"/>
  <testcase name="When Login UserName and Password For Bill Deduction" classname="Scenario: Bill Deduction Single Material" time="0"/>
  <testcase name="And Navigate From Menu to Bill Deduction" classname="Scenario: Bill Deduction Single Material" time="0"/>
  <testcase name="And Click on Inprogess to Select Material" classname="Scenario: Bill Deduction Single Material" time="0"/>
  <testcase name="And MouseOver to Click on Bill Deduction Icon" classname="Scenario: Bill Deduction Single Material" time="0"/>
  <testcase name="And TDS Update Click to Select to selection" classname="Scenario: Bill Deduction Single Material" time="0"/>
  <testcase name="And save to TDS Update" classname="Scenario: Bill Deduction Single Material" time="0"/>
  <testcase name="And Sub contractor Invoice Value Pass" classname="Scenario: Bill Deduction Single Material" time="0"/>
  <testcase name="And Invoice Date Select" classname="Scenario: Bill Deduction Single Material" time="0"/>
  <testcase name="And Select on Payment Type" classname="Scenario: Bill Deduction Single Material" time="0"/>
  <testcase name="And Submit to Bill Deduction" classname="Scenario: Bill Deduction Single Material" time="0"/>
  <testcase name="And Sign Out1" classname="Scenario: Bill Deduction Single Material" time="0"/>
  <testcase name="Scenario: Bill Deduction Single Material" classname="Scenario: Bill Deduction Single Material" time="1.102"/>
  <testcase name="Then Login UserName and Password For Bill Approve" classname="Scenario: Bill Approve Single Material" time="0"/>
  <testcase name="And Click to Filter Icon" classname="Scenario: Bill Approve Single Material" time="0"/>
  <testcase name="And Click Document No and pass value" classname="Scenario: Bill Approve Single Material" time="0"/>
  <testcase name="And MouseOver to Document No" classname="Scenario: Bill Approve Single Material" time="0"/>
  <testcase name="And Approve to Bill" classname="Scenario: Bill Approve Single Material" time="0"/>
  <testcase name="And Sign Out2" classname="Scenario: Bill Approve Single Material" time="0"/>
  <testcase name="Scenario: Bill Approve Single Material" classname="Scenario: Bill Approve Single Material" time="0.9"/>
  <testcase name="Given Login Function" classname="Scenario: Scrutiny From Single Material" time="0"/>
  <testcase name="And Navigate Menu From Scrutiny" classname="Scenario: Scrutiny From Single Material" time="0"/>
  <testcase name="And Click on Filter Icon" classname="Scenario: Scrutiny From Single Material" time="0"/>
  <testcase name="And Pass Invoice Reg No From DB Connection" classname="Scenario: Scrutiny From Single Material" time="0"/>
  <testcase name="And Edit Scrutinize Material" classname="Scenario: Scrutiny From Single Material" time="0"/>
  <testcase name="And Get Work Order No In Text" classname="Scenario: Scrutiny From Single Material" time="0"/>
  <testcase name="And Submit Scrutinize" classname="Scenario: Scrutiny From Single Material" time="0"/>
  <testcase name="And Signout Function" classname="Scenario: Scrutiny From Single Material" time="0"/>
  <testcase name="Scenario: Scrutiny From Single Material" classname="Scenario: Scrutiny From Single Material" time="1.166"/>
  <testcase name="Given Login Function Journals" classname="Scenario: Journals From Single Material" time="0"/>
  <testcase name="And Navigate Menu From Journals" classname="Scenario: Journals From Single Material" time="0"/>
  <testcase name="And Click on Filter Icon Journals" classname="Scenario: Journals From Single Material" time="0"/>
  <testcase name="And Pass Invoice Regs No From DB Connection" classname="Scenario: Journals From Single Material" time="0"/>
  <testcase name="And Edit Journals Material" classname="Scenario: Journals From Single Material" time="0"/>
  <testcase name="And Check Work Order No in page" classname="Scenario: Journals From Single Material" time="0"/>
  <testcase name="And Submit Journals" classname="Scenario: Journals From Single Material" time="0"/>
  <testcase name="And signout Function" classname="Scenario: Journals From Single Material" time="0"/>
  <testcase name="Scenario: Journals From Single Material" classname="Scenario: Journals From Single Material" time="1.892"/>
</testsuite>