<?xml version="1.0" encoding="UTF-8"?>
<testsuite xmlns:xsi="http://www.w3.org/2001/XMLSchema-instance" xsi:noNamespaceSchemaLocation="https://maven.apache.org/surefire/maven-surefire-plugin/xsd/surefire-test-report.xsd" name="Scenario: Verify BreakDown PAge" time="1,197.316" tests="442" errors="0" skipped="0" failures="0">
  <properties>
    <property name="sun.desktop" value="windows"/>
    <property name="awt.toolkit" value="sun.awt.windows.WToolkit"/>
    <property name="file.encoding.pkg" value="sun.io"/>
    <property name="java.specification.version" value="1.8"/>
    <property name="sun.cpu.isalist" value="amd64"/>
    <property name="sun.jnu.encoding" value="Cp1252"/>
    <property name="java.class.path" value="D:\repro\seleniumrepo\AMS\target\test-classes;D:\repro\seleniumrepo\AMS\target\classes;C:\Users\99901526\.m2\repository\junit\junit\4.11\junit-4.11.jar;C:\Users\99901526\.m2\repository\org\hamcrest\hamcrest-core\1.3\hamcrest-core-1.3.jar;C:\Users\99901526\.m2\repository\org\seleniumhq\selenium\selenium-java\3.141.59\selenium-java-3.141.59.jar;C:\Users\99901526\.m2\repository\org\seleniumhq\selenium\selenium-api\3.141.59\selenium-api-3.141.59.jar;C:\Users\99901526\.m2\repository\org\seleniumhq\selenium\selenium-chrome-driver\3.141.59\selenium-chrome-driver-3.141.59.jar;C:\Users\99901526\.m2\repository\org\seleniumhq\selenium\selenium-edge-driver\3.141.59\selenium-edge-driver-3.141.59.jar;C:\Users\99901526\.m2\repository\org\seleniumhq\selenium\selenium-firefox-driver\3.141.59\selenium-firefox-driver-3.141.59.jar;C:\Users\99901526\.m2\repository\org\seleniumhq\selenium\selenium-ie-driver\3.141.59\selenium-ie-driver-3.141.59.jar;C:\Users\99901526\.m2\repository\org\seleniumhq\selenium\selenium-opera-driver\3.141.59\selenium-opera-driver-3.141.59.jar;C:\Users\99901526\.m2\repository\org\seleniumhq\selenium\selenium-remote-driver\3.141.59\selenium-remote-driver-3.141.59.jar;C:\Users\99901526\.m2\repository\org\seleniumhq\selenium\selenium-safari-driver\3.141.59\selenium-safari-driver-3.141.59.jar;C:\Users\99901526\.m2\repository\org\seleniumhq\selenium\selenium-support\3.141.59\selenium-support-3.141.59.jar;C:\Users\99901526\.m2\repository\net\bytebuddy\byte-buddy\1.8.15\byte-buddy-1.8.15.jar;C:\Users\99901526\.m2\repository\org\apache\commons\commons-exec\1.3\commons-exec-1.3.jar;C:\Users\99901526\.m2\repository\com\google\guava\guava\25.0-jre\guava-25.0-jre.jar;C:\Users\99901526\.m2\repository\com\google\code\findbugs\jsr305\1.3.9\jsr305-1.3.9.jar;C:\Users\99901526\.m2\repository\org\checkerframework\checker-compat-qual\2.0.0\checker-compat-qual-2.0.0.jar;C:\Users\99901526\.m2\repository\com\google\errorprone\error_prone_annotations\2.1.3\error_prone_annotations-2.1.3.jar;C:\Users\99901526\.m2\repository\com\google\j2objc\j2objc-annotations\1.1\j2objc-annotations-1.1.jar;C:\Users\99901526\.m2\repository\org\codehaus\mojo\animal-sniffer-annotations\1.14\animal-sniffer-annotations-1.14.jar;C:\Users\99901526\.m2\repository\com\squareup\okhttp3\okhttp\3.11.0\okhttp-3.11.0.jar;C:\Users\99901526\.m2\repository\com\squareup\okio\okio\1.14.0\okio-1.14.0.jar;C:\Users\99901526\.m2\repository\info\cukes\cucumber-java\1.2.2\cucumber-java-1.2.2.jar;C:\Users\99901526\.m2\repository\info\cukes\cucumber-core\1.2.2\cucumber-core-1.2.2.jar;C:\Users\99901526\.m2\repository\info\cukes\cucumber-html\0.2.3\cucumber-html-0.2.3.jar;C:\Users\99901526\.m2\repository\info\cukes\cucumber-junit\1.2.2\cucumber-junit-1.2.2.jar;C:\Users\99901526\.m2\repository\org\apache\logging\log4j\log4j-core\2.13.3\log4j-core-2.13.3.jar;C:\Users\99901526\.m2\repository\org\apache\logging\log4j\log4j-api\2.13.3\log4j-api-2.13.3.jar;C:\Users\99901526\.m2\repository\com\aventstack\extentreports\3.0.7\extentreports-3.0.7.jar;C:\Users\99901526\.m2\repository\org\freemarker\freemarker\2.3.23\freemarker-2.3.23.jar;C:\Users\99901526\.m2\repository\org\mongodb\mongodb-driver\3.3.0\mongodb-driver-3.3.0.jar;C:\Users\99901526\.m2\repository\org\mongodb\bson\3.3.0\bson-3.3.0.jar;C:\Users\99901526\.m2\repository\org\mongodb\mongodb-driver-core\3.3.0\mongodb-driver-core-3.3.0.jar;C:\Users\99901526\.m2\repository\org\apache\httpcomponents\httpclient\4.5.2\httpclient-4.5.2.jar;C:\Users\99901526\.m2\repository\org\apache\httpcomponents\httpcore\4.4.4\httpcore-4.4.4.jar;C:\Users\99901526\.m2\repository\commons-logging\commons-logging\1.2\commons-logging-1.2.jar;C:\Users\99901526\.m2\repository\commons-codec\commons-codec\1.9\commons-codec-1.9.jar;C:\Users\99901526\.m2\repository\org\apache\httpcomponents\httpmime\4.5.2\httpmime-4.5.2.jar;C:\Users\99901526\.m2\repository\org\jsoup\jsoup\1.9.2\jsoup-1.9.2.jar;C:\Users\99901526\.m2\repository\com\google\code\gson\gson\2.8.0\gson-2.8.0.jar;C:\Users\99901526\.m2\repository\com\vimalselvam\cucumber-extentsreport\3.1.1\cucumber-extentsreport-3.1.1.jar;C:\Users\99901526\.m2\repository\com\aventstack\extentreports-cucumber4-adapter\1.0.7\extentreports-cucumber4-adapter-1.0.7.jar;C:\Users\99901526\.m2\repository\io\cucumber\cucumber-core\4.0.1\cucumber-core-4.0.1.jar;C:\Users\99901526\.m2\repository\io\cucumber\cucumber-html\0.2.7\cucumber-html-0.2.7.jar;C:\Users\99901526\.m2\repository\io\cucumber\gherkin\5.1.0\gherkin-5.1.0.jar;C:\Users\99901526\.m2\repository\io\cucumber\tag-expressions\1.1.1\tag-expressions-1.1.1.jar;C:\Users\99901526\.m2\repository\io\cucumber\cucumber-expressions\6.1.0\cucumber-expressions-6.1.0.jar;C:\Users\99901526\.m2\repository\io\cucumber\datatable\1.1.3\datatable-1.1.3.jar;C:\Users\99901526\.m2\repository\io\cucumber\datatable-dependencies\1.1.3\datatable-dependencies-1.1.3.jar;C:\Users\99901526\.m2\repository\io\cucumber\cucumber-java\4.0.1\cucumber-java-4.0.1.jar;C:\Users\99901526\.m2\repository\info\cukes\cucumber-picocontainer\1.2.5\cucumber-picocontainer-1.2.5.jar;C:\Users\99901526\.m2\repository\info\cukes\cucumber-jvm-deps\1.0.5\cucumber-jvm-deps-1.0.5.jar;C:\Users\99901526\.m2\repository\info\cukes\gherkin\2.12.2\gherkin-2.12.2.jar;C:\Users\99901526\.m2\repository\org\picocontainer\picocontainer\2.15\picocontainer-2.15.jar;C:\Users\99901526\.m2\repository\io\github\bonigarcia\webdrivermanager\5.0.3\webdrivermanager-5.0.3.jar;C:\Users\99901526\.m2\repository\org\slf4j\slf4j-api\1.7.32\slf4j-api-1.7.32.jar;C:\Users\99901526\.m2\repository\com\github\docker-java\docker-java\3.2.12\docker-java-3.2.12.jar;C:\Users\99901526\.m2\repository\com\github\docker-java\docker-java-core\3.2.12\docker-java-core-3.2.12.jar;C:\Users\99901526\.m2\repository\com\github\docker-java\docker-java-api\3.2.12\docker-java-api-3.2.12.jar;C:\Users\99901526\.m2\repository\com\fasterxml\jackson\core\jackson-annotations\2.10.3\jackson-annotations-2.10.3.jar;C:\Users\99901526\.m2\repository\commons-io\commons-io\2.6\commons-io-2.6.jar;C:\Users\99901526\.m2\repository\org\apache\commons\commons-compress\1.21\commons-compress-1.21.jar;C:\Users\99901526\.m2\repository\commons-lang\commons-lang\2.6\commons-lang-2.6.jar;C:\Users\99901526\.m2\repository\com\fasterxml\jackson\core\jackson-databind\2.10.3\jackson-databind-2.10.3.jar;C:\Users\99901526\.m2\repository\com\fasterxml\jackson\core\jackson-core\2.10.3\jackson-core-2.10.3.jar;C:\Users\99901526\.m2\repository\org\bouncycastle\bcpkix-jdk15on\1.64\bcpkix-jdk15on-1.64.jar;C:\Users\99901526\.m2\repository\org\bouncycastle\bcprov-jdk15on\1.64\bcprov-jdk15on-1.64.jar;C:\Users\99901526\.m2\repository\org\slf4j\jcl-over-slf4j\1.7.30\jcl-over-slf4j-1.7.30.jar;C:\Users\99901526\.m2\repository\com\github\docker-java\docker-java-transport-httpclient5\3.2.12\docker-java-transport-httpclient5-3.2.12.jar;C:\Users\99901526\.m2\repository\com\github\docker-java\docker-java-transport\3.2.12\docker-java-transport-3.2.12.jar;C:\Users\99901526\.m2\repository\org\apache\httpcomponents\client5\httpclient5\5.0.3\httpclient5-5.0.3.jar;C:\Users\99901526\.m2\repository\org\apache\httpcomponents\core5\httpcore5\5.0.2\httpcore5-5.0.2.jar;C:\Users\99901526\.m2\repository\net\java\dev\jna\jna\5.8.0\jna-5.8.0.jar;C:\Users\99901526\.m2\repository\org\brotli\dec\0.1.2\dec-0.1.2.jar;C:\Users\99901526\.m2\repository\io\cucumber\cucumber-junit\4.3.0\cucumber-junit-4.3.0.jar;C:\Users\99901526\.m2\repository\io\cucumber\cucumber-picocontainer\4.3.0\cucumber-picocontainer-4.3.0.jar;C:\Users\99901526\.m2\repository\com\apple\AppleJavaExtensions\1.4\AppleJavaExtensions-1.4.jar;C:\Users\99901526\.m2\repository\javax\annotation\javax.annotation-api\1.2\javax.annotation-api-1.2.jar;C:\Users\99901526\.m2\repository\com\microsoft\sqlserver\mssql-jdbc\9.2.1.jre8\mssql-jdbc-9.2.1.jre8.jar;C:\Users\99901526\.m2\repository\mysql\mysql-connector-java\8.0.26\mysql-connector-java-8.0.26.jar;C:\Users\99901526\.m2\repository\com\google\protobuf\protobuf-java\3.11.4\protobuf-java-3.11.4.jar;"/>
    <property name="java.vm.vendor" value="Oracle Corporation"/>
    <property name="sun.arch.data.model" value="64"/>
    <property name="user.variant" value=""/>
    <property name="java.vendor.url" value="http://java.oracle.com/"/>
    <property name="user.timezone" value="Asia/Calcutta"/>
    <property name="java.vm.specification.version" value="1.8"/>
    <property name="os.name" value="Windows 10"/>
    <property name="user.country" value="IN"/>
    <property name="sun.java.launcher" value="SUN_STANDARD"/>
    <property name="sun.boot.library.path" value="C:\Program Files\Java\jdk1.8.0_201\jre\bin"/>
    <property name="sun.java.command" value="C:\Users\99901526\AppData\Local\Temp\surefire875374390808045724\surefirebooter1669614220995794062.jar C:\Users\99901526\AppData\Local\Temp\surefire875374390808045724 2022-10-10T17-33-47_240-jvmRun1 surefire227904470517456679tmp surefire_0447957722250428220tmp"/>
    <property name="surefire.test.class.path" value="D:\repro\seleniumrepo\AMS\target\test-classes;D:\repro\seleniumrepo\AMS\target\classes;C:\Users\99901526\.m2\repository\junit\junit\4.11\junit-4.11.jar;C:\Users\99901526\.m2\repository\org\hamcrest\hamcrest-core\1.3\hamcrest-core-1.3.jar;C:\Users\99901526\.m2\repository\org\seleniumhq\selenium\selenium-java\3.141.59\selenium-java-3.141.59.jar;C:\Users\99901526\.m2\repository\org\seleniumhq\selenium\selenium-api\3.141.59\selenium-api-3.141.59.jar;C:\Users\99901526\.m2\repository\org\seleniumhq\selenium\selenium-chrome-driver\3.141.59\selenium-chrome-driver-3.141.59.jar;C:\Users\99901526\.m2\repository\org\seleniumhq\selenium\selenium-edge-driver\3.141.59\selenium-edge-driver-3.141.59.jar;C:\Users\99901526\.m2\repository\org\seleniumhq\selenium\selenium-firefox-driver\3.141.59\selenium-firefox-driver-3.141.59.jar;C:\Users\99901526\.m2\repository\org\seleniumhq\selenium\selenium-ie-driver\3.141.59\selenium-ie-driver-3.141.59.jar;C:\Users\99901526\.m2\repository\org\seleniumhq\selenium\selenium-opera-driver\3.141.59\selenium-opera-driver-3.141.59.jar;C:\Users\99901526\.m2\repository\org\seleniumhq\selenium\selenium-remote-driver\3.141.59\selenium-remote-driver-3.141.59.jar;C:\Users\99901526\.m2\repository\org\seleniumhq\selenium\selenium-safari-driver\3.141.59\selenium-safari-driver-3.141.59.jar;C:\Users\99901526\.m2\repository\org\seleniumhq\selenium\selenium-support\3.141.59\selenium-support-3.141.59.jar;C:\Users\99901526\.m2\repository\net\bytebuddy\byte-buddy\1.8.15\byte-buddy-1.8.15.jar;C:\Users\99901526\.m2\repository\org\apache\commons\commons-exec\1.3\commons-exec-1.3.jar;C:\Users\99901526\.m2\repository\com\google\guava\guava\25.0-jre\guava-25.0-jre.jar;C:\Users\99901526\.m2\repository\com\google\code\findbugs\jsr305\1.3.9\jsr305-1.3.9.jar;C:\Users\99901526\.m2\repository\org\checkerframework\checker-compat-qual\2.0.0\checker-compat-qual-2.0.0.jar;C:\Users\99901526\.m2\repository\com\google\errorprone\error_prone_annotations\2.1.3\error_prone_annotations-2.1.3.jar;C:\Users\99901526\.m2\repository\com\google\j2objc\j2objc-annotations\1.1\j2objc-annotations-1.1.jar;C:\Users\99901526\.m2\repository\org\codehaus\mojo\animal-sniffer-annotations\1.14\animal-sniffer-annotations-1.14.jar;C:\Users\99901526\.m2\repository\com\squareup\okhttp3\okhttp\3.11.0\okhttp-3.11.0.jar;C:\Users\99901526\.m2\repository\com\squareup\okio\okio\1.14.0\okio-1.14.0.jar;C:\Users\99901526\.m2\repository\info\cukes\cucumber-java\1.2.2\cucumber-java-1.2.2.jar;C:\Users\99901526\.m2\repository\info\cukes\cucumber-core\1.2.2\cucumber-core-1.2.2.jar;C:\Users\99901526\.m2\repository\info\cukes\cucumber-html\0.2.3\cucumber-html-0.2.3.jar;C:\Users\99901526\.m2\repository\info\cukes\cucumber-junit\1.2.2\cucumber-junit-1.2.2.jar;C:\Users\99901526\.m2\repository\org\apache\logging\log4j\log4j-core\2.13.3\log4j-core-2.13.3.jar;C:\Users\99901526\.m2\repository\org\apache\logging\log4j\log4j-api\2.13.3\log4j-api-2.13.3.jar;C:\Users\99901526\.m2\repository\com\aventstack\extentreports\3.0.7\extentreports-3.0.7.jar;C:\Users\99901526\.m2\repository\org\freemarker\freemarker\2.3.23\freemarker-2.3.23.jar;C:\Users\99901526\.m2\repository\org\mongodb\mongodb-driver\3.3.0\mongodb-driver-3.3.0.jar;C:\Users\99901526\.m2\repository\org\mongodb\bson\3.3.0\bson-3.3.0.jar;C:\Users\99901526\.m2\repository\org\mongodb\mongodb-driver-core\3.3.0\mongodb-driver-core-3.3.0.jar;C:\Users\99901526\.m2\repository\org\apache\httpcomponents\httpclient\4.5.2\httpclient-4.5.2.jar;C:\Users\99901526\.m2\repository\org\apache\httpcomponents\httpcore\4.4.4\httpcore-4.4.4.jar;C:\Users\99901526\.m2\repository\commons-logging\commons-logging\1.2\commons-logging-1.2.jar;C:\Users\99901526\.m2\repository\commons-codec\commons-codec\1.9\commons-codec-1.9.jar;C:\Users\99901526\.m2\repository\org\apache\httpcomponents\httpmime\4.5.2\httpmime-4.5.2.jar;C:\Users\99901526\.m2\repository\org\jsoup\jsoup\1.9.2\jsoup-1.9.2.jar;C:\Users\99901526\.m2\repository\com\google\code\gson\gson\2.8.0\gson-2.8.0.jar;C:\Users\99901526\.m2\repository\com\vimalselvam\cucumber-extentsreport\3.1.1\cucumber-extentsreport-3.1.1.jar;C:\Users\99901526\.m2\repository\com\aventstack\extentreports-cucumber4-adapter\1.0.7\extentreports-cucumber4-adapter-1.0.7.jar;C:\Users\99901526\.m2\repository\io\cucumber\cucumber-core\4.0.1\cucumber-core-4.0.1.jar;C:\Users\99901526\.m2\repository\io\cucumber\cucumber-html\0.2.7\cucumber-html-0.2.7.jar;C:\Users\99901526\.m2\repository\io\cucumber\gherkin\5.1.0\gherkin-5.1.0.jar;C:\Users\99901526\.m2\repository\io\cucumber\tag-expressions\1.1.1\tag-expressions-1.1.1.jar;C:\Users\99901526\.m2\repository\io\cucumber\cucumber-expressions\6.1.0\cucumber-expressions-6.1.0.jar;C:\Users\99901526\.m2\repository\io\cucumber\datatable\1.1.3\datatable-1.1.3.jar;C:\Users\99901526\.m2\repository\io\cucumber\datatable-dependencies\1.1.3\datatable-dependencies-1.1.3.jar;C:\Users\99901526\.m2\repository\io\cucumber\cucumber-java\4.0.1\cucumber-java-4.0.1.jar;C:\Users\99901526\.m2\repository\info\cukes\cucumber-picocontainer\1.2.5\cucumber-picocontainer-1.2.5.jar;C:\Users\99901526\.m2\repository\info\cukes\cucumber-jvm-deps\1.0.5\cucumber-jvm-deps-1.0.5.jar;C:\Users\99901526\.m2\repository\info\cukes\gherkin\2.12.2\gherkin-2.12.2.jar;C:\Users\99901526\.m2\repository\org\picocontainer\picocontainer\2.15\picocontainer-2.15.jar;C:\Users\99901526\.m2\repository\io\github\bonigarcia\webdrivermanager\5.0.3\webdrivermanager-5.0.3.jar;C:\Users\99901526\.m2\repository\org\slf4j\slf4j-api\1.7.32\slf4j-api-1.7.32.jar;C:\Users\99901526\.m2\repository\com\github\docker-java\docker-java\3.2.12\docker-java-3.2.12.jar;C:\Users\99901526\.m2\repository\com\github\docker-java\docker-java-core\3.2.12\docker-java-core-3.2.12.jar;C:\Users\99901526\.m2\repository\com\github\docker-java\docker-java-api\3.2.12\docker-java-api-3.2.12.jar;C:\Users\99901526\.m2\repository\com\fasterxml\jackson\core\jackson-annotations\2.10.3\jackson-annotations-2.10.3.jar;C:\Users\99901526\.m2\repository\commons-io\commons-io\2.6\commons-io-2.6.jar;C:\Users\99901526\.m2\repository\org\apache\commons\commons-compress\1.21\commons-compress-1.21.jar;C:\Users\99901526\.m2\repository\commons-lang\commons-lang\2.6\commons-lang-2.6.jar;C:\Users\99901526\.m2\repository\com\fasterxml\jackson\core\jackson-databind\2.10.3\jackson-databind-2.10.3.jar;C:\Users\99901526\.m2\repository\com\fasterxml\jackson\core\jackson-core\2.10.3\jackson-core-2.10.3.jar;C:\Users\99901526\.m2\repository\org\bouncycastle\bcpkix-jdk15on\1.64\bcpkix-jdk15on-1.64.jar;C:\Users\99901526\.m2\repository\org\bouncycastle\bcprov-jdk15on\1.64\bcprov-jdk15on-1.64.jar;C:\Users\99901526\.m2\repository\org\slf4j\jcl-over-slf4j\1.7.30\jcl-over-slf4j-1.7.30.jar;C:\Users\99901526\.m2\repository\com\github\docker-java\docker-java-transport-httpclient5\3.2.12\docker-java-transport-httpclient5-3.2.12.jar;C:\Users\99901526\.m2\repository\com\github\docker-java\docker-java-transport\3.2.12\docker-java-transport-3.2.12.jar;C:\Users\99901526\.m2\repository\org\apache\httpcomponents\client5\httpclient5\5.0.3\httpclient5-5.0.3.jar;C:\Users\99901526\.m2\repository\org\apache\httpcomponents\core5\httpcore5\5.0.2\httpcore5-5.0.2.jar;C:\Users\99901526\.m2\repository\net\java\dev\jna\jna\5.8.0\jna-5.8.0.jar;C:\Users\99901526\.m2\repository\org\brotli\dec\0.1.2\dec-0.1.2.jar;C:\Users\99901526\.m2\repository\io\cucumber\cucumber-junit\4.3.0\cucumber-junit-4.3.0.jar;C:\Users\99901526\.m2\repository\io\cucumber\cucumber-picocontainer\4.3.0\cucumber-picocontainer-4.3.0.jar;C:\Users\99901526\.m2\repository\com\apple\AppleJavaExtensions\1.4\AppleJavaExtensions-1.4.jar;C:\Users\99901526\.m2\repository\javax\annotation\javax.annotation-api\1.2\javax.annotation-api-1.2.jar;C:\Users\99901526\.m2\repository\com\microsoft\sqlserver\mssql-jdbc\9.2.1.jre8\mssql-jdbc-9.2.1.jre8.jar;C:\Users\99901526\.m2\repository\mysql\mysql-connector-java\8.0.26\mysql-connector-java-8.0.26.jar;C:\Users\99901526\.m2\repository\com\google\protobuf\protobuf-java\3.11.4\protobuf-java-3.11.4.jar;"/>
    <property name="sun.cpu.endian" value="little"/>
    <property name="user.home" value="C:\Users\99901526"/>
    <property name="user.language" value="en"/>
    <property name="java.specification.vendor" value="Oracle Corporation"/>
    <property name="java.home" value="C:\Program Files\Java\jdk1.8.0_201\jre"/>
    <property name="basedir" value="D:\repro\seleniumrepo\AMS"/>
    <property name="file.separator" value="\"/>
    <property name="line.separator" value="&#10;"/>
    <property name="java.vm.specification.vendor" value="Oracle Corporation"/>
    <property name="java.specification.name" value="Java Platform API Specification"/>
    <property name="java.awt.graphicsenv" value="sun.awt.Win32GraphicsEnvironment"/>
    <property name="surefire.real.class.path" value="C:\Users\99901526\AppData\Local\Temp\surefire875374390808045724\surefirebooter1669614220995794062.jar"/>
    <property name="sun.boot.class.path" value="C:\Program Files\Java\jdk1.8.0_201\jre\lib\resources.jar;C:\Program Files\Java\jdk1.8.0_201\jre\lib\rt.jar;C:\Program Files\Java\jdk1.8.0_201\jre\lib\sunrsasign.jar;C:\Program Files\Java\jdk1.8.0_201\jre\lib\jsse.jar;C:\Program Files\Java\jdk1.8.0_201\jre\lib\jce.jar;C:\Program Files\Java\jdk1.8.0_201\jre\lib\charsets.jar;C:\Program Files\Java\jdk1.8.0_201\jre\lib\jfr.jar;C:\Program Files\Java\jdk1.8.0_201\jre\classes"/>
    <property name="user.script" value=""/>
    <property name="sun.management.compiler" value="HotSpot 64-Bit Tiered Compilers"/>
    <property name="java.runtime.version" value="1.8.0_201-b09"/>
    <property name="user.name" value="99901526"/>
    <property name="path.separator" value=";"/>
    <property name="os.version" value="10.0"/>
    <property name="java.endorsed.dirs" value="C:\Program Files\Java\jdk1.8.0_201\jre\lib\endorsed"/>
    <property name="java.runtime.name" value="Java(TM) SE Runtime Environment"/>
    <property name="file.encoding" value="Cp1252"/>
    <property name="java.vm.name" value="Java HotSpot(TM) 64-Bit Server VM"/>
    <property name="localRepository" value="C:\Users\99901526\.m2\repository"/>
    <property name="java.vendor.url.bug" value="http://bugreport.sun.com/bugreport/"/>
    <property name="java.io.tmpdir" value="C:\Users\99901526\AppData\Local\Temp\"/>
    <property name="java.version" value="1.8.0_201"/>
    <property name="user.dir" value="D:\repro\seleniumrepo\AMS"/>
    <property name="os.arch" value="amd64"/>
    <property name="java.vm.specification.name" value="Java Virtual Machine Specification"/>
    <property name="java.awt.printerjob" value="sun.awt.windows.WPrinterJob"/>
    <property name="sun.os.patch.level" value=""/>
    <property name="java.library.path" value="C:\Program Files\Java\jdk1.8.0_201\jre\bin;C:\WINDOWS\Sun\Java\bin;C:\WINDOWS\system32;C:\WINDOWS;C:/Program Files/Java/jre1.8.0_251/bin/server;C:/Program Files/Java/jre1.8.0_251/bin;C:/Program Files/Java/jre1.8.0_251/lib/amd64;C:\Program Files (x86)\Common Files\Oracle\Java\javapath;C:\WINDOWS\system32;C:\WINDOWS;C:\WINDOWS\System32\Wbem;C:\WINDOWS\System32\WindowsPowerShell\v1.0\;C:\WINDOWS\System32\OpenSSH\;C:\Program Files\dotnet\;C:\Program Files\Microsoft SQL Server\130\Tools\Binn\;C:\Program Files (x86)\Microsoft SQL Server\150\DTS\Binn\;C:\Program Files\Azure Data Studio\bin;C:\Program Files\Microsoft VS Code\bin;C:\Program Files\nodejs\;%JAVA_HOME\bin%;C:\Program Files\Maven\bin;C:\Program Files\ServiceNow\agent-client-collector\bin;C:\Program Files\ServiceNow\agent-client-collector\embedded\bin;C:\Users\99901526\AppData\Local\Microsoft\WindowsApps;C:\Users\99901526\AppData\Local\Programs\Git\cmd;;D:\Automation\Eclipse;;."/>
    <property name="java.vm.info" value="mixed mode"/>
    <property name="java.vendor" value="Oracle Corporation"/>
    <property name="java.vm.version" value="25.201-b09"/>
    <property name="java.ext.dirs" value="C:\Program Files\Java\jdk1.8.0_201\jre\lib\ext;C:\WINDOWS\Sun\Java\lib\ext"/>
    <property name="sun.io.unicode.encoding" value="UnicodeLittle"/>
    <property name="java.class.version" value="52.0"/>
  </properties>
  <testcase name="Given Go to Test Environments" classname="Scenario: To verify the login functionality" time="0.007"/>
  <testcase name="Then clicks the Otheruser button" classname="Scenario: To verify the login functionality" time="0"/>
  <testcase name="Then enters username" classname="Scenario: To verify the login functionality" time="0"/>
  <testcase name="Then enters password" classname="Scenario: To verify the login functionality" time="0"/>
  <testcase name="Then clicks the Login button" classname="Scenario: To verify the login functionality" time="0"/>
  <testcase name="Then clicks the profile button" classname="Scenario: To verify the login functionality" time="0"/>
  <testcase name="Then clicks the signout button" classname="Scenario: To verify the login functionality" time="0"/>
  <testcase name="Scenario: To verify the login functionality" classname="Scenario: To verify the login functionality" time="0.355"/>
  <testcase name="Given Go to Test Environments" classname="Scenario: To verify the logsheet menu options" time="0"/>
  <testcase name="Then clicks the Otheruser button" classname="Scenario: To verify the logsheet menu options" time="0"/>
  <testcase name="Then enters username" classname="Scenario: To verify the logsheet menu options" time="0"/>
  <testcase name="Then enters password" classname="Scenario: To verify the logsheet menu options" time="0"/>
  <testcase name="Then clicks the Login button" classname="Scenario: To verify the logsheet menu options" time="0.001"/>
  <testcase name="Then clicks the menu button" classname="Scenario: To verify the logsheet menu options" time="0"/>
  <testcase name="Then move to the asset mgmt" classname="Scenario: To verify the logsheet menu options" time="0"/>
  <testcase name="Then move to the AMS 4.0" classname="Scenario: To verify the logsheet menu options" time="0.001"/>
  <testcase name="Then move to the Operations &amp; Maintenance" classname="Scenario: To verify the logsheet menu options" time="0"/>
  <testcase name="Then move to LogSheet" classname="Scenario: To verify the logsheet menu options" time="0"/>
  <testcase name="Then clicks the profile button" classname="Scenario: To verify the logsheet menu options" time="0"/>
  <testcase name="Then clicks the signout button" classname="Scenario: To verify the logsheet menu options" time="0"/>
  <testcase name="Scenario: To verify the logsheet menu options" classname="Scenario: To verify the logsheet menu options" time="0.223"/>
  <testcase name="Given Go to Test Environments" classname="Scenario: To verify the landing page" time="0"/>
  <testcase name="Then clicks the Otheruser button" classname="Scenario: To verify the landing page" time="0"/>
  <testcase name="Then enters username" classname="Scenario: To verify the landing page" time="0"/>
  <testcase name="Then enters password" classname="Scenario: To verify the landing page" time="0.001"/>
  <testcase name="Then clicks the Login button" classname="Scenario: To verify the landing page" time="0"/>
  <testcase name="Then clicks the menu button" classname="Scenario: To verify the landing page" time="0"/>
  <testcase name="Then move to the asset mgmt" classname="Scenario: To verify the landing page" time="0"/>
  <testcase name="Then move to the AMS 4.0" classname="Scenario: To verify the landing page" time="0"/>
  <testcase name="Then move to the Operations &amp; Maintenance" classname="Scenario: To verify the landing page" time="0"/>
  <testcase name="Then move to LogSheet" classname="Scenario: To verify the landing page" time="0"/>
  <testcase name="Then select jobcode from dropdown" classname="Scenario: To verify the landing page" time="0"/>
  <testcase name="Then select assetcode from dropdown" classname="Scenario: To verify the landing page" time="0"/>
  <testcase name="Then select date from dropdown" classname="Scenario: To verify the landing page" time="0"/>
  <testcase name="Then clicks go button" classname="Scenario: To verify the landing page" time="0"/>
  <testcase name="Then clicks refresh button" classname="Scenario: To verify the landing page" time="0"/>
  <testcase name="Then clicks the profile button" classname="Scenario: To verify the landing page" time="0"/>
  <testcase name="Then clicks the signout button" classname="Scenario: To verify the landing page" time="0"/>
  <testcase name="Then close the browser" classname="Scenario: To verify the landing page" time="0"/>
  <testcase name="Scenario: To verify the landing page" classname="Scenario: To verify the landing page" time="0.176"/>
  <testcase name="Given Go to Test Environments" classname="Scenario: To verify the icons in landing page" time="0"/>
  <testcase name="Then clicks the Otheruser button" classname="Scenario: To verify the icons in landing page" time="0"/>
  <testcase name="Then enters username" classname="Scenario: To verify the icons in landing page" time="0"/>
  <testcase name="Then enters password" classname="Scenario: To verify the icons in landing page" time="0"/>
  <testcase name="Then clicks the Login button" classname="Scenario: To verify the icons in landing page" time="0"/>
  <testcase name="Then clicks the menu button" classname="Scenario: To verify the icons in landing page" time="0"/>
  <testcase name="Then move to the asset mgmt" classname="Scenario: To verify the icons in landing page" time="0.001"/>
  <testcase name="Then move to the AMS 4.0" classname="Scenario: To verify the icons in landing page" time="0"/>
  <testcase name="Then move to the Operations &amp; Maintenance" classname="Scenario: To verify the icons in landing page" time="0"/>
  <testcase name="Then move to LogSheet" classname="Scenario: To verify the icons in landing page" time="0"/>
  <testcase name="Then select jobcode from dropdown" classname="Scenario: To verify the icons in landing page" time="0"/>
  <testcase name="Then select assetcode from dropdown" classname="Scenario: To verify the icons in landing page" time="0.001"/>
  <testcase name="Then select date from dropdown" classname="Scenario: To verify the icons in landing page" time="0"/>
  <testcase name="Then clicks go button" classname="Scenario: To verify the icons in landing page" time="0"/>
  <testcase name="Then clicks refresh button" classname="Scenario: To verify the icons in landing page" time="0"/>
  <testcase name="Then clicks i icon" classname="Scenario: To verify the icons in landing page" time="0"/>
  <testcase name="Then clicks iot icon" classname="Scenario: To verify the icons in landing page" time="0"/>
  <testcase name="Then clicks the profile button" classname="Scenario: To verify the icons in landing page" time="0"/>
  <testcase name="Then clicks the signout button" classname="Scenario: To verify the icons in landing page" time="0"/>
  <testcase name="Scenario: To verify the icons in landing page" classname="Scenario: To verify the icons in landing page" time="0.172"/>
  <testcase name="Given Go to Test Environments" classname="Scenario: To verify asset information" time="0"/>
  <testcase name="Then clicks the Otheruser button" classname="Scenario: To verify asset information" time="0"/>
  <testcase name="Then enters username" classname="Scenario: To verify asset information" time="0.001"/>
  <testcase name="Then enters password" classname="Scenario: To verify asset information" time="0"/>
  <testcase name="Then clicks the Login button" classname="Scenario: To verify asset information" time="0"/>
  <testcase name="Then clicks the menu button" classname="Scenario: To verify asset information" time="0"/>
  <testcase name="Then move to the asset mgmt" classname="Scenario: To verify asset information" time="0"/>
  <testcase name="Then move to the AMS 4.0" classname="Scenario: To verify asset information" time="0"/>
  <testcase name="Then move to the Operations &amp; Maintenance" classname="Scenario: To verify asset information" time="0"/>
  <testcase name="Then move to LogSheet" classname="Scenario: To verify asset information" time="0"/>
  <testcase name="Then select jobcode from dropdown" classname="Scenario: To verify asset information" time="0"/>
  <testcase name="Then select assetcode from dropdown" classname="Scenario: To verify asset information" time="0"/>
  <testcase name="Then clicks i icon" classname="Scenario: To verify asset information" time="0"/>
  <testcase name="Then compare the values asset info with db" classname="Scenario: To verify asset information" time="0"/>
  <testcase name="Then close the connection" classname="Scenario: To verify asset information" time="0"/>
  <testcase name="Scenario: To verify asset information" classname="Scenario: To verify asset information" time="0.148"/>
  <testcase name="Given Navigate to Test Enviroment" classname="Scenario: Verify AMS Login" time="0"/>
  <testcase name="Then Click on Other User" classname="Scenario: Verify AMS Login" time="0"/>
  <testcase name="Then Enter user name in AMS" classname="Scenario: Verify AMS Login" time="0"/>
  <testcase name="Then Enter the Password in AMS" classname="Scenario: Verify AMS Login" time="0"/>
  <testcase name="Then Click on Login" classname="Scenario: Verify AMS Login" time="0"/>
  <testcase name="Scenario: Verify AMS Login" classname="Scenario: Verify AMS Login" time="0.488"/>
  <testcase name="Given Navigate to Test Enviroment" classname="Scenario: Verify Logsheet AMSMenu" time="0"/>
  <testcase name="Then Click on Other User" classname="Scenario: Verify Logsheet AMSMenu" time="0"/>
  <testcase name="Then Enter user name in AMS" classname="Scenario: Verify Logsheet AMSMenu" time="0"/>
  <testcase name="Then Enter the Password in AMS" classname="Scenario: Verify Logsheet AMSMenu" time="0"/>
  <testcase name="Then Click on Login" classname="Scenario: Verify Logsheet AMSMenu" time="0"/>
  <testcase name="Then Click the Asset mgmt in menu" classname="Scenario: Verify Logsheet AMSMenu" time="0"/>
  <testcase name="And Click the Operations and Maintenance in menu" classname="Scenario: Verify Logsheet AMSMenu" time="0"/>
  <testcase name="Then Click the LogSheet in menu" classname="Scenario: Verify Logsheet AMSMenu" time="0"/>
  <testcase name="Scenario: Verify Logsheet AMSMenu" classname="Scenario: Verify Logsheet AMSMenu" time="0.236"/>
  <testcase name="Given Navigate to Test Enviroment" classname="Scenario: Verify AMS Logsheet Landing Page" time="0"/>
  <testcase name="Then Click on Other User" classname="Scenario: Verify AMS Logsheet Landing Page" time="0"/>
  <testcase name="Then Enter user name in AMS" classname="Scenario: Verify AMS Logsheet Landing Page" time="0"/>
  <testcase name="Then Enter the Password in AMS" classname="Scenario: Verify AMS Logsheet Landing Page" time="0"/>
  <testcase name="Then Click on Login" classname="Scenario: Verify AMS Logsheet Landing Page" time="0"/>
  <testcase name="And Verify the AMS Menu" classname="Scenario: Verify AMS Logsheet Landing Page" time="0"/>
  <testcase name="Then Click the Asset mgmt in menu" classname="Scenario: Verify AMS Logsheet Landing Page" time="0"/>
  <testcase name="And Click the Operations and Maintenance in menu" classname="Scenario: Verify AMS Logsheet Landing Page" time="0"/>
  <testcase name="Then Click the LogSheet in menu" classname="Scenario: Verify AMS Logsheet Landing Page" time="0"/>
  <testcase name="And Click the JobCode in the Job selection" classname="Scenario: Verify AMS Logsheet Landing Page" time="0"/>
  <testcase name="Then Enter the Job code in the Job" classname="Scenario: Verify AMS Logsheet Landing Page" time="0"/>
  <testcase name="And Enter the Asset code in the Asset place holder" classname="Scenario: Verify AMS Logsheet Landing Page" time="0"/>
  <testcase name="And Click create new Logsheet button in the landing page" classname="Scenario: Verify AMS Logsheet Landing Page" time="0"/>
  <testcase name="Scenario: Verify AMS Logsheet Landing Page" classname="Scenario: Verify AMS Logsheet Landing Page" time="0.241"/>
  <testcase name="Given Navigate to Test Enviroment" classname="Scenario: Verify Day Based Log sheet Creation" time="0"/>
  <testcase name="Then Click on Other User" classname="Scenario: Verify Day Based Log sheet Creation" time="0"/>
  <testcase name="Then Enter user name in AMS" classname="Scenario: Verify Day Based Log sheet Creation" time="0"/>
  <testcase name="Then Enter the Password in AMS" classname="Scenario: Verify Day Based Log sheet Creation" time="0"/>
  <testcase name="Then Click on Login" classname="Scenario: Verify Day Based Log sheet Creation" time="0"/>
  <testcase name="And Verify the AMS Menu" classname="Scenario: Verify Day Based Log sheet Creation" time="0"/>
  <testcase name="Then Click the Asset mgmt in menu" classname="Scenario: Verify Day Based Log sheet Creation" time="0"/>
  <testcase name="And Click the Operations and Maintenance in menu" classname="Scenario: Verify Day Based Log sheet Creation" time="0"/>
  <testcase name="Then Click the LogSheet in menu" classname="Scenario: Verify Day Based Log sheet Creation" time="0"/>
  <testcase name="And Click the JobCode in the Job selection" classname="Scenario: Verify Day Based Log sheet Creation" time="0"/>
  <testcase name="Then Enter the Job code in the Job" classname="Scenario: Verify Day Based Log sheet Creation" time="0"/>
  <testcase name="And Enter the Asset code in the Asset place holder" classname="Scenario: Verify Day Based Log sheet Creation" time="0"/>
  <testcase name="And Click create new Logsheet button in the landing page" classname="Scenario: Verify Day Based Log sheet Creation" time="0"/>
  <testcase name="Then Enter the End meter reading in the creation page" classname="Scenario: Verify Day Based Log sheet Creation" time="0"/>
  <testcase name="And Enter the Quantity in the Production Entry" classname="Scenario: Verify Day Based Log sheet Creation" time="0"/>
  <testcase name="Then click the submit button to submit the Log sheet" classname="Scenario: Verify Day Based Log sheet Creation" time="0"/>
  <testcase name="Scenario: Verify Day Based Log sheet Creation" classname="Scenario: Verify Day Based Log sheet Creation" time="0.245"/>
  <testcase name="Given Navigate to Test Enviroment" classname="Scenario: verify Maintenance Day Log sheet Creation with OT" time="0"/>
  <testcase name="Then Click on Other User" classname="Scenario: verify Maintenance Day Log sheet Creation with OT" time="0"/>
  <testcase name="Then Enter user name in AMS" classname="Scenario: verify Maintenance Day Log sheet Creation with OT" time="0"/>
  <testcase name="Then Enter the Password in AMS" classname="Scenario: verify Maintenance Day Log sheet Creation with OT" time="0"/>
  <testcase name="Then Click on Login" classname="Scenario: verify Maintenance Day Log sheet Creation with OT" time="0"/>
  <testcase name="And Verify the AMS Menu" classname="Scenario: verify Maintenance Day Log sheet Creation with OT" time="0"/>
  <testcase name="Then Click the Asset mgmt in menu" classname="Scenario: verify Maintenance Day Log sheet Creation with OT" time="0"/>
  <testcase name="And Click the Operations and Maintenance in menu" classname="Scenario: verify Maintenance Day Log sheet Creation with OT" time="0"/>
  <testcase name="Then Click the LogSheet in menu" classname="Scenario: verify Maintenance Day Log sheet Creation with OT" time="0"/>
  <testcase name="And Click the JobCode in the Job selection" classname="Scenario: verify Maintenance Day Log sheet Creation with OT" time="0"/>
  <testcase name="Then Enter the Job code in the Job" classname="Scenario: verify Maintenance Day Log sheet Creation with OT" time="0"/>
  <testcase name="And Enter the Asset code in the Asset place holder" classname="Scenario: verify Maintenance Day Log sheet Creation with OT" time="0"/>
  <testcase name="And Click create new Logsheet button in the landing page" classname="Scenario: verify Maintenance Day Log sheet Creation with OT" time="0"/>
  <testcase name="Then Click the Maintenance toggle button in the Log sheet creation page" classname="Scenario: verify Maintenance Day Log sheet Creation with OT" time="0"/>
  <testcase name="And Enter the Maintenance End Reading in the Log Sheet" classname="Scenario: verify Maintenance Day Log sheet Creation with OT" time="0"/>
  <testcase name="And Enter the over time in the maintenance day log sheet" classname="Scenario: verify Maintenance Day Log sheet Creation with OT" time="0"/>
  <testcase name="Then Enter the production Quantity for maintenance OT" classname="Scenario: verify Maintenance Day Log sheet Creation with OT" time="0"/>
  <testcase name="Then click the submit button to submit the Log sheet" classname="Scenario: verify Maintenance Day Log sheet Creation with OT" time="0"/>
  <testcase name="Scenario: verify Maintenance Day Log sheet Creation with OT" classname="Scenario: verify Maintenance Day Log sheet Creation with OT" time="0.175"/>
  <testcase name="Given Navigate to Test Enviroment" classname="Scenario: Verify Hired Day based Log sheet with Idle hours" time="0"/>
  <testcase name="Then Click on Other User" classname="Scenario: Verify Hired Day based Log sheet with Idle hours" time="0"/>
  <testcase name="Then Enter user name in AMS" classname="Scenario: Verify Hired Day based Log sheet with Idle hours" time="0"/>
  <testcase name="Then Enter the Password in AMS" classname="Scenario: Verify Hired Day based Log sheet with Idle hours" time="0"/>
  <testcase name="Then Click on Login" classname="Scenario: Verify Hired Day based Log sheet with Idle hours" time="0"/>
  <testcase name="And Verify the AMS Menu" classname="Scenario: Verify Hired Day based Log sheet with Idle hours" time="0"/>
  <testcase name="Then Click the Asset mgmt in menu" classname="Scenario: Verify Hired Day based Log sheet with Idle hours" time="0"/>
  <testcase name="And Click the Operations and Maintenance in menu" classname="Scenario: Verify Hired Day based Log sheet with Idle hours" time="0"/>
  <testcase name="Then Click the LogSheet in menu" classname="Scenario: Verify Hired Day based Log sheet with Idle hours" time="0"/>
  <testcase name="And Click the JobCode in the Job selection" classname="Scenario: Verify Hired Day based Log sheet with Idle hours" time="0"/>
  <testcase name="Then Enter the Job code in the Job" classname="Scenario: Verify Hired Day based Log sheet with Idle hours" time="0"/>
  <testcase name="And Enter the Asset code in the Asset place holder" classname="Scenario: Verify Hired Day based Log sheet with Idle hours" time="0"/>
  <testcase name="And Click create new Logsheet button in the landing page" classname="Scenario: Verify Hired Day based Log sheet with Idle hours" time="0"/>
  <testcase name="Then Enter the End meter reading in the creation page" classname="Scenario: Verify Hired Day based Log sheet with Idle hours" time="0"/>
  <testcase name="And Enter the Idle hours in the Hired Day based Log sheet" classname="Scenario: Verify Hired Day based Log sheet with Idle hours" time="0"/>
  <testcase name="Then Enter the BreakDown hours in the Hired Day based Log sheet" classname="Scenario: Verify Hired Day based Log sheet with Idle hours" time="0"/>
  <testcase name="And Enter the Quantity in the Production Entry" classname="Scenario: Verify Hired Day based Log sheet with Idle hours" time="0"/>
  <testcase name="Then click the submit button to submit the Log sheet" classname="Scenario: Verify Hired Day based Log sheet with Idle hours" time="0"/>
  <testcase name="Scenario: Verify Hired Day based Log sheet with Idle hours" classname="Scenario: Verify Hired Day based Log sheet with Idle hours" time="0.386"/>
  <testcase name="Given Navigate to Test Enviroment" classname="Scenario: verify Delete log sheet in the creation page" time="0"/>
  <testcase name="Then Click on Other User" classname="Scenario: verify Delete log sheet in the creation page" time="0"/>
  <testcase name="Then Enter user name in AMS" classname="Scenario: verify Delete log sheet in the creation page" time="0"/>
  <testcase name="Then Enter the Password in AMS" classname="Scenario: verify Delete log sheet in the creation page" time="0"/>
  <testcase name="Then Click on Login" classname="Scenario: verify Delete log sheet in the creation page" time="0"/>
  <testcase name="And Verify the AMS Menu" classname="Scenario: verify Delete log sheet in the creation page" time="0"/>
  <testcase name="Then Click the Asset mgmt in menu" classname="Scenario: verify Delete log sheet in the creation page" time="0"/>
  <testcase name="And Click the Operations and Maintenance in menu" classname="Scenario: verify Delete log sheet in the creation page" time="0"/>
  <testcase name="Then Click the LogSheet in menu" classname="Scenario: verify Delete log sheet in the creation page" time="0"/>
  <testcase name="And Click the JobCode in the Job selection" classname="Scenario: verify Delete log sheet in the creation page" time="0"/>
  <testcase name="Then Enter the Job code in the Job" classname="Scenario: verify Delete log sheet in the creation page" time="0.001"/>
  <testcase name="And Enter the Asset code in the Asset place holder" classname="Scenario: verify Delete log sheet in the creation page" time="0"/>
  <testcase name="And Click create new Logsheet button in the landing page" classname="Scenario: verify Delete log sheet in the creation page" time="0"/>
  <testcase name="Then Click the Date Left arrow in the creation page" classname="Scenario: verify Delete log sheet in the creation page" time="0"/>
  <testcase name="And Click the Delete button in the Log sheet Creation page to delete Log sheet" classname="Scenario: verify Delete log sheet in the creation page" time="0"/>
  <testcase name="Scenario: verify Delete log sheet in the creation page" classname="Scenario: verify Delete log sheet in the creation page" time="0.212"/>
  <testcase name="Given Navigate to Test Enviroment" classname="Scenario: Validation of mobile uploaded images and Remarks" time="0"/>
  <testcase name="Then Click on Other User" classname="Scenario: Validation of mobile uploaded images and Remarks" time="0"/>
  <testcase name="Then Enter user name in AMS" classname="Scenario: Validation of mobile uploaded images and Remarks" time="0"/>
  <testcase name="Then Enter the Password in AMS" classname="Scenario: Validation of mobile uploaded images and Remarks" time="0"/>
  <testcase name="Then Click on Login" classname="Scenario: Validation of mobile uploaded images and Remarks" time="0"/>
  <testcase name="And Verify the AMS Menu" classname="Scenario: Validation of mobile uploaded images and Remarks" time="0"/>
  <testcase name="Then Click the Asset mgmt in menu" classname="Scenario: Validation of mobile uploaded images and Remarks" time="0"/>
  <testcase name="And Click the Operations and Maintenance in menu" classname="Scenario: Validation of mobile uploaded images and Remarks" time="0"/>
  <testcase name="Then Click the LogSheet in menu" classname="Scenario: Validation of mobile uploaded images and Remarks" time="0.001"/>
  <testcase name="And Click the JobCode in the Job selection" classname="Scenario: Validation of mobile uploaded images and Remarks" time="0"/>
  <testcase name="Then Enter the Job code in the Job" classname="Scenario: Validation of mobile uploaded images and Remarks" time="0"/>
  <testcase name="And Enter the Asset code in the Asset place holder" classname="Scenario: Validation of mobile uploaded images and Remarks" time="0"/>
  <testcase name="And Click create new Logsheet button in the landing page" classname="Scenario: Validation of mobile uploaded images and Remarks" time="0"/>
  <testcase name="Then Click the Remarks button in the Log sheet Creation Page" classname="Scenario: Validation of mobile uploaded images and Remarks" time="0"/>
  <testcase name="Scenario: Validation of mobile uploaded images and Remarks" classname="Scenario: Validation of mobile uploaded images and Remarks" time="0.262"/>
  <testcase name="Given Navigate to Test Enviroment" classname="Scenario: Verify Time Based Log sheet Creation" time="0"/>
  <testcase name="Then Click on Other User" classname="Scenario: Verify Time Based Log sheet Creation" time="0.001"/>
  <testcase name="Then Enter user name in AMS" classname="Scenario: Verify Time Based Log sheet Creation" time="0"/>
  <testcase name="Then Enter the Password in AMS" classname="Scenario: Verify Time Based Log sheet Creation" time="0"/>
  <testcase name="Then Click on Login" classname="Scenario: Verify Time Based Log sheet Creation" time="0"/>
  <testcase name="And Verify the AMS Menu" classname="Scenario: Verify Time Based Log sheet Creation" time="0"/>
  <testcase name="Then Click the Asset mgmt in menu" classname="Scenario: Verify Time Based Log sheet Creation" time="0"/>
  <testcase name="And Click the Operations and Maintenance in menu" classname="Scenario: Verify Time Based Log sheet Creation" time="0"/>
  <testcase name="Then Click the LogSheet in menu" classname="Scenario: Verify Time Based Log sheet Creation" time="0"/>
  <testcase name="And Click the JobCode in the Job selection" classname="Scenario: Verify Time Based Log sheet Creation" time="0"/>
  <testcase name="Then Enter the Job code in the Job" classname="Scenario: Verify Time Based Log sheet Creation" time="0"/>
  <testcase name="And Enter the Asset code in the Asset place holder" classname="Scenario: Verify Time Based Log sheet Creation" time="0"/>
  <testcase name="And Click create new Logsheet button in the landing page" classname="Scenario: Verify Time Based Log sheet Creation" time="0"/>
  <testcase name="Then Click the Time Based button in the creation page" classname="Scenario: Verify Time Based Log sheet Creation" time="0"/>
  <testcase name="And Click Yes button in the Confirmation popup" classname="Scenario: Verify Time Based Log sheet Creation" time="0"/>
  <testcase name="Then Click the Work button in the Time Based Log sheet creation" classname="Scenario: Verify Time Based Log sheet Creation" time="0"/>
  <testcase name="And Enter the End meter reading in the Time Based creation page" classname="Scenario: Verify Time Based Log sheet Creation" time="0"/>
  <testcase name="And Click the start time in the Time Based log sheet creation" classname="Scenario: Verify Time Based Log sheet Creation" time="0"/>
  <testcase name="Then Select the Start time from the timer" classname="Scenario: Verify Time Based Log sheet Creation" time="0"/>
  <testcase name="And Click the set option in the timer" classname="Scenario: Verify Time Based Log sheet Creation" time="0"/>
  <testcase name="Then Click the End time in the Time Based log sheet creation" classname="Scenario: Verify Time Based Log sheet Creation" time="0"/>
  <testcase name="And Select the End time from the timer" classname="Scenario: Verify Time Based Log sheet Creation" time="0"/>
  <testcase name="Then Click the set option in the End timer" classname="Scenario: Verify Time Based Log sheet Creation" time="0"/>
  <testcase name="And Click the save icon in the time based log sheet" classname="Scenario: Verify Time Based Log sheet Creation" time="0"/>
  <testcase name="Then Enter the Quantity in the Time Based Production Entry" classname="Scenario: Verify Time Based Log sheet Creation" time="0"/>
  <testcase name="And click the submit button to submit the Time Based Log sheet" classname="Scenario: Verify Time Based Log sheet Creation" time="0"/>
  <testcase name="Scenario: Verify Time Based Log sheet Creation" classname="Scenario: Verify Time Based Log sheet Creation" time="0.29"/>
  <testcase name="Given Navigate to Test Enviroment" classname="Scenario: Verify the Breakdown entry for hired asset_Time based" time="0"/>
  <testcase name="Then Click on Other User" classname="Scenario: Verify the Breakdown entry for hired asset_Time based" time="0"/>
  <testcase name="Then Enter user name in AMS" classname="Scenario: Verify the Breakdown entry for hired asset_Time based" time="0"/>
  <testcase name="Then Enter the Password in AMS" classname="Scenario: Verify the Breakdown entry for hired asset_Time based" time="0"/>
  <testcase name="Then Click on Login" classname="Scenario: Verify the Breakdown entry for hired asset_Time based" time="0"/>
  <testcase name="Then Click the Asset mgmt in menu" classname="Scenario: Verify the Breakdown entry for hired asset_Time based" time="0"/>
  <testcase name="And Click the Operations and Maintenance in menu" classname="Scenario: Verify the Breakdown entry for hired asset_Time based" time="0"/>
  <testcase name="Then Click the LogSheet in menu" classname="Scenario: Verify the Breakdown entry for hired asset_Time based" time="0"/>
  <testcase name="And Select the JobCode" classname="Scenario: Verify the Breakdown entry for hired asset_Time based" time="0"/>
  <testcase name="Then Select the Hired Asset code" classname="Scenario: Verify the Breakdown entry for hired asset_Time based" time="0"/>
  <testcase name="Then Give the dutation" classname="Scenario: Verify the Breakdown entry for hired asset_Time based" time="0"/>
  <testcase name="Then Give Go" classname="Scenario: Verify the Breakdown entry for hired asset_Time based" time="0"/>
  <testcase name="Then Give Go" classname="Scenario: Verify the Breakdown entry for hired asset_Time based" time="0"/>
  <testcase name="Then click refresh button" classname="Scenario: Verify the Breakdown entry for hired asset_Time based" time="0"/>
  <testcase name="Then Click Create new LogSheet button" classname="Scenario: Verify the Breakdown entry for hired asset_Time based" time="0"/>
  <testcase name="Then Move to TimeBased tab" classname="Scenario: Verify the Breakdown entry for hired asset_Time based" time="0"/>
  <testcase name="Then Click Work entry" classname="Scenario: Verify the Breakdown entry for hired asset_Time based" time="0"/>
  <testcase name="Then enter Endmeter reading" classname="Scenario: Verify the Breakdown entry for hired asset_Time based" time="0"/>
  <testcase name="Then enter Start time" classname="Scenario: Verify the Breakdown entry for hired asset_Time based" time="0"/>
  <testcase name="And Enter End time" classname="Scenario: Verify the Breakdown entry for hired asset_Time based" time="0"/>
  <testcase name="Then Click action Save button" classname="Scenario: Verify the Breakdown entry for hired asset_Time based" time="0"/>
  <testcase name="Then Enter production Quantity" classname="Scenario: Verify the Breakdown entry for hired asset_Time based" time="0"/>
  <testcase name="Then Click Breakdown button" classname="Scenario: Verify the Breakdown entry for hired asset_Time based" time="0"/>
  <testcase name="Then give end time" classname="Scenario: Verify the Breakdown entry for hired asset_Time based" time="0"/>
  <testcase name="Then Click action save for breakdown entry" classname="Scenario: Verify the Breakdown entry for hired asset_Time based" time="0"/>
  <testcase name="Then Click Submit button to submit logsheet" classname="Scenario: Verify the Breakdown entry for hired asset_Time based" time="0"/>
  <testcase name="Scenario: Verify the Breakdown entry for hired asset_Time based" classname="Scenario: Verify the Breakdown entry for hired asset_Time based" time="0.275"/>
  <testcase name="Given Navigate to Test Enviroment" classname="Scenario: Verify the Breakdown entry for hired asset_Day based" time="0"/>
  <testcase name="Then Click on Other User" classname="Scenario: Verify the Breakdown entry for hired asset_Day based" time="0"/>
  <testcase name="Then Enter user name in AMS" classname="Scenario: Verify the Breakdown entry for hired asset_Day based" time="0"/>
  <testcase name="Then Enter the Password in AMS" classname="Scenario: Verify the Breakdown entry for hired asset_Day based" time="0"/>
  <testcase name="Then Click on Login" classname="Scenario: Verify the Breakdown entry for hired asset_Day based" time="0"/>
  <testcase name="Then Click the Asset mgmt in menu" classname="Scenario: Verify the Breakdown entry for hired asset_Day based" time="0"/>
  <testcase name="And Click the Operations and Maintenance in menu" classname="Scenario: Verify the Breakdown entry for hired asset_Day based" time="0"/>
  <testcase name="Then Click the LogSheet in menu" classname="Scenario: Verify the Breakdown entry for hired asset_Day based" time="0"/>
  <testcase name="And Select the JobCode" classname="Scenario: Verify the Breakdown entry for hired asset_Day based" time="0"/>
  <testcase name="Then Select the Hired Asset code" classname="Scenario: Verify the Breakdown entry for hired asset_Day based" time="0"/>
  <testcase name="Then Give the dutation" classname="Scenario: Verify the Breakdown entry for hired asset_Day based" time="0.001"/>
  <testcase name="Then Give Go" classname="Scenario: Verify the Breakdown entry for hired asset_Day based" time="0"/>
  <testcase name="Then Give Go" classname="Scenario: Verify the Breakdown entry for hired asset_Day based" time="0"/>
  <testcase name="Then click refresh button" classname="Scenario: Verify the Breakdown entry for hired asset_Day based" time="0"/>
  <testcase name="Then Click Create new LogSheet button" classname="Scenario: Verify the Breakdown entry for hired asset_Day based" time="0"/>
  <testcase name="Then Give DayBased Endmeter Reading" classname="Scenario: Verify the Breakdown entry for hired asset_Day based" time="0"/>
  <testcase name="Then Give breakdown hours" classname="Scenario: Verify the Breakdown entry for hired asset_Day based" time="0"/>
  <testcase name="Then Give Day based Production quantity" classname="Scenario: Verify the Breakdown entry for hired asset_Day based" time="0"/>
  <testcase name="Then Click Submit button to submit logsheet" classname="Scenario: Verify the Breakdown entry for hired asset_Day based" time="0"/>
  <testcase name="Scenario: Verify the Breakdown entry for hired asset_Day based" classname="Scenario: Verify the Breakdown entry for hired asset_Day based" time="0.181"/>
  <testcase name="Given Navigate to Test Enviroment" classname="Scenario: Verify the Breakdown entry for Owned asset" time="0"/>
  <testcase name="Then Click on Other User" classname="Scenario: Verify the Breakdown entry for Owned asset" time="0"/>
  <testcase name="Then Enter user name in AMS" classname="Scenario: Verify the Breakdown entry for Owned asset" time="0"/>
  <testcase name="Then Enter the Password in AMS" classname="Scenario: Verify the Breakdown entry for Owned asset" time="0"/>
  <testcase name="Then Click on Login" classname="Scenario: Verify the Breakdown entry for Owned asset" time="0.001"/>
  <testcase name="Then Click the Asset mgmt in menu" classname="Scenario: Verify the Breakdown entry for Owned asset" time="0"/>
  <testcase name="And Click the Operations and Maintenance in menu" classname="Scenario: Verify the Breakdown entry for Owned asset" time="0"/>
  <testcase name="Then Click the LogSheet in menu" classname="Scenario: Verify the Breakdown entry for Owned asset" time="0"/>
  <testcase name="And Select the JobCode" classname="Scenario: Verify the Breakdown entry for Owned asset" time="0"/>
  <testcase name="Then Select the owned Asset code" classname="Scenario: Verify the Breakdown entry for Owned asset" time="0"/>
  <testcase name="Then Give the dutation" classname="Scenario: Verify the Breakdown entry for Owned asset" time="0"/>
  <testcase name="Then Give Go" classname="Scenario: Verify the Breakdown entry for Owned asset" time="0"/>
  <testcase name="Then Click Create new LogSheet button" classname="Scenario: Verify the Breakdown entry for Owned asset" time="0"/>
  <testcase name="Then Click breakdown hyperlink button" classname="Scenario: Verify the Breakdown entry for Owned asset" time="0"/>
  <testcase name="Then Select breakdown type" classname="Scenario: Verify the Breakdown entry for Owned asset" time="0"/>
  <testcase name="Then Give Breakdown time" classname="Scenario: Verify the Breakdown entry for Owned asset" time="0"/>
  <testcase name="Then Give Nature of Defects" classname="Scenario: Verify the Breakdown entry for Owned asset" time="0"/>
  <testcase name="And Give Exp.Commissioning Date" classname="Scenario: Verify the Breakdown entry for Owned asset" time="0"/>
  <testcase name="Then Give Exp.Commissioning time" classname="Scenario: Verify the Breakdown entry for Owned asset" time="0"/>
  <testcase name="Then Give Remarks for Breakdown" classname="Scenario: Verify the Breakdown entry for Owned asset" time="0"/>
  <testcase name="Then Click Submit" classname="Scenario: Verify the Breakdown entry for Owned asset" time="0"/>
  <testcase name="Scenario: Verify the Breakdown entry for Owned asset" classname="Scenario: Verify the Breakdown entry for Owned asset" time="0.283"/>
  <testcase name="Given Navigate to Test Enviroment" classname="Scenario: Verify the DER Creation" time="0"/>
  <testcase name="Given Navigate to Test Enviroment" classname="Scenario: Verify the DER Creation" time="0"/>
  <testcase name="Then Click on Other User" classname="Scenario: Verify the DER Creation" time="0"/>
  <testcase name="Then Click on Other User" classname="Scenario: Verify the DER Creation" time="0"/>
  <testcase name="Then Enter user name in AMS" classname="Scenario: Verify the DER Creation" time="0"/>
  <testcase name="Then Enter user name in AMS" classname="Scenario: Verify the DER Creation" time="0"/>
  <testcase name="Then Enter the Password in AMS" classname="Scenario: Verify the DER Creation" time="0"/>
  <testcase name="Then Enter the Password in AMS" classname="Scenario: Verify the DER Creation" time="0"/>
  <testcase name="Then Click on Login" classname="Scenario: Verify the DER Creation" time="0"/>
  <testcase name="Then Click on Login" classname="Scenario: Verify the DER Creation" time="0"/>
  <testcase name="Then Click the Asset mgmt in menu" classname="Scenario: Verify the DER Creation" time="0"/>
  <testcase name="Then Click the Asset mgmt in menu" classname="Scenario: Verify the DER Creation" time="0"/>
  <testcase name="And Click the Operations and Maintenance in menu" classname="Scenario: Verify the DER Creation" time="0"/>
  <testcase name="And Click the Operations and Maintenance in menu" classname="Scenario: Verify the DER Creation" time="0"/>
  <testcase name="Then Click the BreakDownEntry in menu" classname="Scenario: Verify the DER Creation" time="0"/>
  <testcase name="Then Click the BreakDownEntry in menu" classname="Scenario: Verify the DER Creation" time="0"/>
  <testcase name="And Select the BreakDownJobCode" classname="Scenario: Verify the DER Creation" time="0"/>
  <testcase name="And Select the BreakDownJobCode" classname="Scenario: Verify the DER Creation" time="0"/>
  <testcase name="Then Select the BreakDown Asset code" classname="Scenario: Verify the DER Creation" time="0"/>
  <testcase name="Then Select the BreakDown Asset code" classname="Scenario: Verify the DER Creation" time="0"/>
  <testcase name="Then Give the BreakDown dutation" classname="Scenario: Verify the DER Creation" time="0"/>
  <testcase name="Then Give the BreakDown dutation" classname="Scenario: Verify the DER Creation" time="0"/>
  <testcase name="Then Give Search" classname="Scenario: Verify the DER Creation" time="0"/>
  <testcase name="Then Give Search" classname="Scenario: Verify the DER Creation" time="0"/>
  <testcase name="Then Click Breakdown Asset" classname="Scenario: Verify the DER Creation" time="0"/>
  <testcase name="Then Click Breakdown Asset" classname="Scenario: Verify the DER Creation" time="0"/>
  <testcase name="And Click Detailed Estimatimation Tab" classname="Scenario: Verify the DER Creation" time="0"/>
  <testcase name="And Click Detailed Estimatimation Tab" classname="Scenario: Verify the DER Creation" time="0"/>
  <testcase name="Then Give CauseOfFailure" classname="Scenario: Verify the DER Creation" time="0"/>
  <testcase name="Then Go to sub Assembly" classname="Scenario: Verify the DER Creation" time="0"/>
  <testcase name="Then Give Sub Assembly" classname="Scenario: Verify the DER Creation" time="0"/>
  <testcase name="And Give Agency name" classname="Scenario: Verify the DER Creation" time="0"/>
  <testcase name="And Give Nature of repair" classname="Scenario: Verify the DER Creation" time="0"/>
  <testcase name="And Enter Spares Cost" classname="Scenario: Verify the DER Creation" time="0"/>
  <testcase name="And Give Save" classname="Scenario: Verify the DER Creation" time="0"/>
  <testcase name="And Give Save as Draft" classname="Scenario: Verify the DER Creation" time="0"/>
  <testcase name="Scenario: Verify the DER Creation" classname="Scenario: Verify the DER Creation" time="0.836"/>
  <testcase name="Scenario: Verify the DER Creation" classname="Scenario: Verify the DER Creation" time="0.321"/>
  <testcase name="Then Click Major Sapres tab" classname="Scenario: Verify the DER Creation" time="0"/>
  <testcase name="Then Give Materials" classname="Scenario: Verify the DER Creation" time="0"/>
  <testcase name="Then Give PartNo" classname="Scenario: Verify the DER Creation" time="0"/>
  <testcase name="Then Give PartName" classname="Scenario: Verify the DER Creation" time="0"/>
  <testcase name="Then Give Quantity" classname="Scenario: Verify the DER Creation" time="0"/>
  <testcase name="Then Enter Amount" classname="Scenario: Verify the DER Creation" time="0.001"/>
  <testcase name="Then Give MajorSparesRemarks" classname="Scenario: Verify the DER Creation" time="0"/>
  <testcase name="Then Give Major spares Save" classname="Scenario: Verify the DER Creation" time="0"/>
  <testcase name="And Give Submit" classname="Scenario: Verify the DER Creation" time="0"/>
  <testcase name="Given Navigate to Test Enviroment" classname="Scenario: First level Rejection of DER" time="0"/>
  <testcase name="Then Click on Other User" classname="Scenario: First level Rejection of DER" time="0"/>
  <testcase name="Then Enter First level Approver user ID in AMS" classname="Scenario: First level Rejection of DER" time="0"/>
  <testcase name="Then Enter the Password in AMS" classname="Scenario: First level Rejection of DER" time="0"/>
  <testcase name="Then Click on Login" classname="Scenario: First level Rejection of DER" time="0"/>
  <testcase name="Then Go to Approver WworkBench" classname="Scenario: First level Rejection of DER" time="0"/>
  <testcase name="Then Click filter to find current DER" classname="Scenario: First level Rejection of DER" time="0"/>
  <testcase name="Then Click the DER" classname="Scenario: First level Rejection of DER" time="0"/>
  <testcase name="Then Click Reject button" classname="Scenario: First level Rejection of DER" time="0"/>
  <testcase name="Then Give rejection remark" classname="Scenario: First level Rejection of DER" time="0"/>
  <testcase name="Then Click yes to reject the DER" classname="Scenario: First level Rejection of DER" time="0"/>
  <testcase name="Scenario: First level Rejection of DER" classname="Scenario: First level Rejection of DER" time="0.251"/>
  <testcase name="Given Navigate to Test Enviroment" classname="Scenario: ReSubmit the DER and approve in Level 1" time="0"/>
  <testcase name="Then Click on Other User" classname="Scenario: ReSubmit the DER and approve in Level 1" time="0"/>
  <testcase name="Then Click on Other User" classname="Scenario: ReSubmit the DER and approve in Level 1" time="0"/>
  <testcase name="Then Enter user name in AMS" classname="Scenario: ReSubmit the DER and approve in Level 1" time="0"/>
  <testcase name="Then Enter the Password in AMS" classname="Scenario: ReSubmit the DER and approve in Level 1" time="0"/>
  <testcase name="Then Enter the Password in AMS" classname="Scenario: ReSubmit the DER and approve in Level 1" time="0"/>
  <testcase name="Then Click on Login" classname="Scenario: ReSubmit the DER and approve in Level 1" time="0"/>
  <testcase name="Then Click on Login" classname="Scenario: ReSubmit the DER and approve in Level 1" time="0"/>
  <testcase name="Then Click the Asset mgmt in menu" classname="Scenario: ReSubmit the DER and approve in Level 1" time="0"/>
  <testcase name="And Click the Operations and Maintenance in menu" classname="Scenario: ReSubmit the DER and approve in Level 1" time="0"/>
  <testcase name="Then Click the BreakDownEntry in menu" classname="Scenario: ReSubmit the DER and approve in Level 1" time="0"/>
  <testcase name="And Select the BreakDownJobCode" classname="Scenario: ReSubmit the DER and approve in Level 1" time="0"/>
  <testcase name="Then Select the BreakDown Asset code" classname="Scenario: ReSubmit the DER and approve in Level 1" time="0"/>
  <testcase name="Then Give the BreakDown dutation" classname="Scenario: ReSubmit the DER and approve in Level 1" time="0"/>
  <testcase name="Then Give Search" classname="Scenario: ReSubmit the DER and approve in Level 1" time="0"/>
  <testcase name="Then Click Breakdown Asset" classname="Scenario: ReSubmit the DER and approve in Level 1" time="0.001"/>
  <testcase name="And Click Detailed Estimatimation Tab" classname="Scenario: ReSubmit the DER and approve in Level 1" time="0"/>
  <testcase name="And Click Major Sapres tab" classname="Scenario: ReSubmit the DER and approve in Level 1" time="0"/>
  <testcase name="And Give Submit" classname="Scenario: ReSubmit the DER and approve in Level 1" time="0"/>
  <testcase name="And SignOut from current user" classname="Scenario: ReSubmit the DER and approve in Level 1" time="0"/>
  <testcase name="Then Enter First level Approver user ID in AMS" classname="Scenario: ReSubmit the DER and approve in Level 1" time="0"/>
  <testcase name="Then Go to Approver WworkBench" classname="Scenario: ReSubmit the DER and approve in Level 1" time="0"/>
  <testcase name="Then Click filter to find current DER" classname="Scenario: ReSubmit the DER and approve in Level 1" time="0"/>
  <testcase name="Then Click the DER" classname="Scenario: ReSubmit the DER and approve in Level 1" time="0"/>
  <testcase name="Then Click Approve" classname="Scenario: ReSubmit the DER and approve in Level 1" time="0"/>
  <testcase name="Scenario: ReSubmit the DER and approve in Level 1" classname="Scenario: ReSubmit the DER and approve in Level 1" time="0.279"/>
  <testcase name="Given Navigate to Test Enviroment" classname="Scenario: Second level Rejection of DER" time="0"/>
  <testcase name="Then Click on Other User" classname="Scenario: Second level Rejection of DER" time="0"/>
  <testcase name="Then Enter second level Approver user ID in AMS" classname="Scenario: Second level Rejection of DER" time="0"/>
  <testcase name="Then Enter the Password in AMS" classname="Scenario: Second level Rejection of DER" time="0"/>
  <testcase name="Then Click on Login" classname="Scenario: Second level Rejection of DER" time="0"/>
  <testcase name="Then Go to Approver WworkBench" classname="Scenario: Second level Rejection of DER" time="0"/>
  <testcase name="Then Click filter to find current DER" classname="Scenario: Second level Rejection of DER" time="0"/>
  <testcase name="Then Click the DER" classname="Scenario: Second level Rejection of DER" time="0"/>
  <testcase name="Then Click Reject button" classname="Scenario: Second level Rejection of DER" time="0"/>
  <testcase name="Then Give rejection remark" classname="Scenario: Second level Rejection of DER" time="0"/>
  <testcase name="Then Click yes to reject the DER" classname="Scenario: Second level Rejection of DER" time="0"/>
  <testcase name="Scenario: Second level Rejection of DER" classname="Scenario: Second level Rejection of DER" time="0.268"/>
  <testcase name="Given Navigate to Test Enviroment" classname="Scenario: Resubmit the DER and Approve in both levels" time="0"/>
  <testcase name="Then Click on Other User" classname="Scenario: Resubmit the DER and Approve in both levels" time="0"/>
  <testcase name="Then Click on Other User" classname="Scenario: Resubmit the DER and Approve in both levels" time="0"/>
  <testcase name="Then Click on Other User" classname="Scenario: Resubmit the DER and Approve in both levels" time="0"/>
  <testcase name="Then Enter user name in AMS" classname="Scenario: Resubmit the DER and Approve in both levels" time="0"/>
  <testcase name="Then Enter the Password in AMS" classname="Scenario: Resubmit the DER and Approve in both levels" time="0"/>
  <testcase name="Then Enter the Password in AMS" classname="Scenario: Resubmit the DER and Approve in both levels" time="0"/>
  <testcase name="Then Enter the Password in AMS" classname="Scenario: Resubmit the DER and Approve in both levels" time="0"/>
  <testcase name="Then Click on Login" classname="Scenario: Resubmit the DER and Approve in both levels" time="0"/>
  <testcase name="Then Click on Login" classname="Scenario: Resubmit the DER and Approve in both levels" time="0"/>
  <testcase name="Then Click on Login" classname="Scenario: Resubmit the DER and Approve in both levels" time="0"/>
  <testcase name="Then Click the Asset mgmt in menu" classname="Scenario: Resubmit the DER and Approve in both levels" time="0"/>
  <testcase name="And Click the Operations and Maintenance in menu" classname="Scenario: Resubmit the DER and Approve in both levels" time="0"/>
  <testcase name="Then Click the BreakDownEntry in menu" classname="Scenario: Resubmit the DER and Approve in both levels" time="0"/>
  <testcase name="And Select the BreakDownJobCode" classname="Scenario: Resubmit the DER and Approve in both levels" time="0"/>
  <testcase name="Then Select the BreakDown Asset code" classname="Scenario: Resubmit the DER and Approve in both levels" time="0"/>
  <testcase name="Then Give the BreakDown dutation" classname="Scenario: Resubmit the DER and Approve in both levels" time="0"/>
  <testcase name="Then Give Search" classname="Scenario: Resubmit the DER and Approve in both levels" time="0"/>
  <testcase name="Then Click Breakdown Asset" classname="Scenario: Resubmit the DER and Approve in both levels" time="0"/>
  <testcase name="And Click Detailed Estimatimation Tab" classname="Scenario: Resubmit the DER and Approve in both levels" time="0"/>
  <testcase name="And Click Major Sapres tab" classname="Scenario: Resubmit the DER and Approve in both levels" time="0"/>
  <testcase name="And Give Submit" classname="Scenario: Resubmit the DER and Approve in both levels" time="0"/>
  <testcase name="And SignOut from current user" classname="Scenario: Resubmit the DER and Approve in both levels" time="0"/>
  <testcase name="And SignOut from current user" classname="Scenario: Resubmit the DER and Approve in both levels" time="0"/>
  <testcase name="Then Enter First level Approver user ID in AMS" classname="Scenario: Resubmit the DER and Approve in both levels" time="0"/>
  <testcase name="Then Go to Approver WworkBench" classname="Scenario: Resubmit the DER and Approve in both levels" time="0"/>
  <testcase name="Then Go to Approver WworkBench" classname="Scenario: Resubmit the DER and Approve in both levels" time="0"/>
  <testcase name="Then Click filter to find current DER" classname="Scenario: Resubmit the DER and Approve in both levels" time="0"/>
  <testcase name="Then Click filter to find current DER" classname="Scenario: Resubmit the DER and Approve in both levels" time="0"/>
  <testcase name="Then Click the DER" classname="Scenario: Resubmit the DER and Approve in both levels" time="0"/>
  <testcase name="Then Click the DER" classname="Scenario: Resubmit the DER and Approve in both levels" time="0"/>
  <testcase name="Then Click Approve" classname="Scenario: Resubmit the DER and Approve in both levels" time="0"/>
  <testcase name="Then Click Approve" classname="Scenario: Resubmit the DER and Approve in both levels" time="0"/>
  <testcase name="Then Enter second level Approver user ID in AMS" classname="Scenario: Resubmit the DER and Approve in both levels" time="0"/>
  <testcase name="Scenario: Resubmit the DER and Approve in both levels" classname="Scenario: Resubmit the DER and Approve in both levels" time="0.22"/>
  <testcase name="Given Navigate to Test Enviroment" classname="Scenario: Verify BreakDown PAge" time="0"/>
  <testcase name="Then Click on Other User" classname="Scenario: Verify BreakDown PAge" time="0"/>
  <testcase name="Then Enter user name in AMS" classname="Scenario: Verify BreakDown PAge" time="0"/>
  <testcase name="Then Enter the Password in AMS" classname="Scenario: Verify BreakDown PAge" time="0"/>
  <testcase name="Then Click on Login" classname="Scenario: Verify BreakDown PAge" time="0"/>
  <testcase name="Then Click the Asset mgmt in menu" classname="Scenario: Verify BreakDown PAge" time="0"/>
  <testcase name="And Click the Operations and Maintenance in menu" classname="Scenario: Verify BreakDown PAge" time="0"/>
  <testcase name="Then Click the BreakDownEntry in menu" classname="Scenario: Verify BreakDown PAge" time="0"/>
  <testcase name="And Select the BreakDownJobCode" classname="Scenario: Verify BreakDown PAge" time="0"/>
  <testcase name="Then Select the BreakDown Asset code" classname="Scenario: Verify BreakDown PAge" time="0"/>
  <testcase name="Then Give the BreakDown dutation" classname="Scenario: Verify BreakDown PAge" time="0"/>
  <testcase name="Then Give Search" classname="Scenario: Verify BreakDown PAge" time="0"/>
  <testcase name="Then Click Breakdown Asset" classname="Scenario: Verify BreakDown PAge" time="0"/>
  <testcase name="Then Click Commissiong tab" classname="Scenario: Verify BreakDown PAge" time="0"/>
  <testcase name="Then Enter Commissioning Date" classname="Scenario: Verify BreakDown PAge" time="0"/>
  <testcase name="And Enter Next Maintanence Date" classname="Scenario: Verify BreakDown PAge" time="0"/>
  <testcase name="Then Select Done by" classname="Scenario: Verify BreakDown PAge" time="0.001"/>
  <testcase name="Then Give P&amp;M Incharge" classname="Scenario: Verify BreakDown PAge" time="0"/>
  <testcase name="Then Give Work Done" classname="Scenario: Verify BreakDown PAge" time="0"/>
  <testcase name="And Give remarks" classname="Scenario: Verify BreakDown PAge" time="0"/>
  <testcase name="And Check and print the Primary Engine Meter Type" classname="Scenario: Verify BreakDown PAge" time="0"/>
  <testcase name="Then Click Commissioning Submit" classname="Scenario: Verify BreakDown PAge" time="0"/>
  <testcase name="Scenario: Verify BreakDown PAge" classname="Scenario: Verify BreakDown PAge" time="0.285"/>
</testsuite>